[2024-05-18 11:32:19] production.INFO: Detected N+1 Query  
[2024-05-18 11:32:19] production.INFO: Model: App\Models\BedType
Relation: App\Models\Room
Num-Called: 39
Call-Stack:
#13 /app/Http/Controllers/Admin/AdminController.php:82
#14 /vendor/laravel/framework/src/Illuminate/Routing/Controller.php:54
#15 /vendor/laravel/framework/src/Illuminate/Routing/ControllerDispatcher.php:43
#16 /vendor/laravel/framework/src/Illuminate/Routing/Route.php:259
#17 /vendor/laravel/framework/src/Illuminate/Routing/Route.php:205
#18 /vendor/laravel/framework/src/Illuminate/Routing/Router.php:798
#19 /vendor/laravel/framework/src/Illuminate/Pipeline/Pipeline.php:141
#20 /app/Http/Middleware/AdminPermissionMiddleware.php:23
#21 /vendor/laravel/framework/src/Illuminate/Pipeline/Pipeline.php:180
#22 /app/Http/Middleware/RedirectIfNotAdmin.php:30
#23 /vendor/laravel/framework/src/Illuminate/Pipeline/Pipeline.php:180
#24 /app/Http/Middleware/LanguageMiddleware.php:22
#25 /vendor/laravel/framework/src/Illuminate/Pipeline/Pipeline.php:180
#26 /vendor/laravel/framework/src/Illuminate/Routing/Middleware/SubstituteBindings.php:50
#27 /vendor/laravel/framework/src/Illuminate/Pipeline/Pipeline.php:180
#28 /vendor/laravel/framework/src/Illuminate/Foundation/Http/Middleware/VerifyCsrfToken.php:78
#29 /vendor/laravel/framework/src/Illuminate/Pipeline/Pipeline.php:180
#30 /vendor/laravel/framework/src/Illuminate/View/Middleware/ShareErrorsFromSession.php:49
#31 /vendor/laravel/framework/src/Illuminate/Pipeline/Pipeline.php:180
#32 /vendor/laravel/framework/src/Illuminate/Session/Middleware/StartSession.php:121
#33 /vendor/laravel/framework/src/Illuminate/Session/Middleware/StartSession.php:64
#34 /vendor/laravel/framework/src/Illuminate/Pipeline/Pipeline.php:180
#35 /vendor/laravel/framework/src/Illuminate/Cookie/Middleware/AddQueuedCookiesToResponse.php:37
#36 /vendor/laravel/framework/src/Illuminate/Pipeline/Pipeline.php:180
#37 /vendor/laravel/framework/src/Illuminate/Cookie/Middleware/EncryptCookies.php:67
#38 /vendor/laravel/framework/src/Illuminate/Pipeline/Pipeline.php:180
#39 /vendor/laramin/utility/src/Utility.php:14
#40 /vendor/laravel/framework/src/Illuminate/Pipeline/Pipeline.php:180
#41 /vendor/laravel/framework/src/Illuminate/Pipeline/Pipeline.php:116
#42 /vendor/laravel/framework/src/Illuminate/Routing/Router.php:797
#43 /vendor/laravel/framework/src/Illuminate/Routing/Router.php:776
#44 /vendor/laravel/framework/src/Illuminate/Routing/Router.php:740
#45 /vendor/laravel/framework/src/Illuminate/Routing/Router.php:729
#46 /vendor/laravel/framework/src/Illuminate/Foundation/Http/Kernel.php:190
#47 /vendor/laravel/framework/src/Illuminate/Pipeline/Pipeline.php:141
#48 /vendor/beyondcode/laravel-query-detector/src/QueryDetectorMiddleware.php:33
#49 /vendor/laravel/framework/src/Illuminate/Pipeline/Pipeline.php:180
  
[2024-05-18 11:32:19] production.INFO: Model: App\Models\Accommodation
Relation: newBedTypes
Num-Called: 6
Call-Stack:
#17 /storage/framework/views/7a710b30040d71e0f5649bbcf1f26c2fc011c489.php:401
#19 /vendor/laravel/framework/src/Illuminate/Filesystem/Filesystem.php:110
#20 /vendor/laravel/framework/src/Illuminate/View/Engines/PhpEngine.php:58
#21 /vendor/laravel/framework/src/Illuminate/View/Engines/CompilerEngine.php:70
#22 /vendor/laravel/framework/src/Illuminate/View/View.php:195
#23 /vendor/laravel/framework/src/Illuminate/View/View.php:178
#24 /vendor/laravel/framework/src/Illuminate/View/View.php:147
#25 /vendor/laravel/framework/src/Illuminate/Http/Response.php:69
#26 /vendor/laravel/framework/src/Illuminate/Http/Response.php:35
#27 /vendor/laravel/framework/src/Illuminate/Routing/Router.php:906
#28 /vendor/laravel/framework/src/Illuminate/Routing/Router.php:875
#29 /vendor/laravel/framework/src/Illuminate/Routing/Router.php:797
#30 /vendor/laravel/framework/src/Illuminate/Pipeline/Pipeline.php:141
#31 /app/Http/Middleware/AdminPermissionMiddleware.php:23
#32 /vendor/laravel/framework/src/Illuminate/Pipeline/Pipeline.php:180
#33 /app/Http/Middleware/RedirectIfNotAdmin.php:30
#34 /vendor/laravel/framework/src/Illuminate/Pipeline/Pipeline.php:180
#35 /app/Http/Middleware/LanguageMiddleware.php:22
#36 /vendor/laravel/framework/src/Illuminate/Pipeline/Pipeline.php:180
#37 /vendor/laravel/framework/src/Illuminate/Routing/Middleware/SubstituteBindings.php:50
#38 /vendor/laravel/framework/src/Illuminate/Pipeline/Pipeline.php:180
#39 /vendor/laravel/framework/src/Illuminate/Foundation/Http/Middleware/VerifyCsrfToken.php:78
#40 /vendor/laravel/framework/src/Illuminate/Pipeline/Pipeline.php:180
#41 /vendor/laravel/framework/src/Illuminate/View/Middleware/ShareErrorsFromSession.php:49
#42 /vendor/laravel/framework/src/Illuminate/Pipeline/Pipeline.php:180
#43 /vendor/laravel/framework/src/Illuminate/Session/Middleware/StartSession.php:121
#44 /vendor/laravel/framework/src/Illuminate/Session/Middleware/StartSession.php:64
#45 /vendor/laravel/framework/src/Illuminate/Pipeline/Pipeline.php:180
#46 /vendor/laravel/framework/src/Illuminate/Cookie/Middleware/AddQueuedCookiesToResponse.php:37
#47 /vendor/laravel/framework/src/Illuminate/Pipeline/Pipeline.php:180
#48 /vendor/laravel/framework/src/Illuminate/Cookie/Middleware/EncryptCookies.php:67
#49 /vendor/laravel/framework/src/Illuminate/Pipeline/Pipeline.php:180
  
[2024-05-18 19:35:53] production.INFO: Detected N+1 Query  
[2024-05-18 19:35:53] production.INFO: Model: App\Models\BedType
Relation: App\Models\Room
Num-Called: 39
Call-Stack:
#13 /app/Http/Controllers/Admin/AdminController.php:82
#14 /vendor/laravel/framework/src/Illuminate/Routing/Controller.php:54
#15 /vendor/laravel/framework/src/Illuminate/Routing/ControllerDispatcher.php:43
#16 /vendor/laravel/framework/src/Illuminate/Routing/Route.php:259
#17 /vendor/laravel/framework/src/Illuminate/Routing/Route.php:205
#18 /vendor/laravel/framework/src/Illuminate/Routing/Router.php:798
#19 /vendor/laravel/framework/src/Illuminate/Pipeline/Pipeline.php:141
#20 /app/Http/Middleware/AdminPermissionMiddleware.php:23
#21 /vendor/laravel/framework/src/Illuminate/Pipeline/Pipeline.php:180
#22 /app/Http/Middleware/RedirectIfNotAdmin.php:30
#23 /vendor/laravel/framework/src/Illuminate/Pipeline/Pipeline.php:180
#24 /app/Http/Middleware/LanguageMiddleware.php:22
#25 /vendor/laravel/framework/src/Illuminate/Pipeline/Pipeline.php:180
#26 /vendor/laravel/framework/src/Illuminate/Routing/Middleware/SubstituteBindings.php:50
#27 /vendor/laravel/framework/src/Illuminate/Pipeline/Pipeline.php:180
#28 /vendor/laravel/framework/src/Illuminate/Foundation/Http/Middleware/VerifyCsrfToken.php:78
#29 /vendor/laravel/framework/src/Illuminate/Pipeline/Pipeline.php:180
#30 /vendor/laravel/framework/src/Illuminate/View/Middleware/ShareErrorsFromSession.php:49
#31 /vendor/laravel/framework/src/Illuminate/Pipeline/Pipeline.php:180
#32 /vendor/laravel/framework/src/Illuminate/Session/Middleware/StartSession.php:121
#33 /vendor/laravel/framework/src/Illuminate/Session/Middleware/StartSession.php:64
#34 /vendor/laravel/framework/src/Illuminate/Pipeline/Pipeline.php:180
#35 /vendor/laravel/framework/src/Illuminate/Cookie/Middleware/AddQueuedCookiesToResponse.php:37
#36 /vendor/laravel/framework/src/Illuminate/Pipeline/Pipeline.php:180
#37 /vendor/laravel/framework/src/Illuminate/Cookie/Middleware/EncryptCookies.php:67
#38 /vendor/laravel/framework/src/Illuminate/Pipeline/Pipeline.php:180
#39 /vendor/laramin/utility/src/Utility.php:14
#40 /vendor/laravel/framework/src/Illuminate/Pipeline/Pipeline.php:180
#41 /vendor/laravel/framework/src/Illuminate/Pipeline/Pipeline.php:116
#42 /vendor/laravel/framework/src/Illuminate/Routing/Router.php:797
#43 /vendor/laravel/framework/src/Illuminate/Routing/Router.php:776
#44 /vendor/laravel/framework/src/Illuminate/Routing/Router.php:740
#45 /vendor/laravel/framework/src/Illuminate/Routing/Router.php:729
#46 /vendor/laravel/framework/src/Illuminate/Foundation/Http/Kernel.php:190
#47 /vendor/laravel/framework/src/Illuminate/Pipeline/Pipeline.php:141
#48 /vendor/beyondcode/laravel-query-detector/src/QueryDetectorMiddleware.php:33
#49 /vendor/laravel/framework/src/Illuminate/Pipeline/Pipeline.php:180
  
[2024-05-18 19:35:53] production.INFO: Model: App\Models\Accommodation
Relation: newBedTypes
Num-Called: 6
Call-Stack:
#17 /storage/framework/views/7a710b30040d71e0f5649bbcf1f26c2fc011c489.php:401
#19 /vendor/laravel/framework/src/Illuminate/Filesystem/Filesystem.php:110
#20 /vendor/laravel/framework/src/Illuminate/View/Engines/PhpEngine.php:58
#21 /vendor/laravel/framework/src/Illuminate/View/Engines/CompilerEngine.php:70
#22 /vendor/laravel/framework/src/Illuminate/View/View.php:195
#23 /vendor/laravel/framework/src/Illuminate/View/View.php:178
#24 /vendor/laravel/framework/src/Illuminate/View/View.php:147
#25 /vendor/laravel/framework/src/Illuminate/Http/Response.php:69
#26 /vendor/laravel/framework/src/Illuminate/Http/Response.php:35
#27 /vendor/laravel/framework/src/Illuminate/Routing/Router.php:906
#28 /vendor/laravel/framework/src/Illuminate/Routing/Router.php:875
#29 /vendor/laravel/framework/src/Illuminate/Routing/Router.php:797
#30 /vendor/laravel/framework/src/Illuminate/Pipeline/Pipeline.php:141
#31 /app/Http/Middleware/AdminPermissionMiddleware.php:23
#32 /vendor/laravel/framework/src/Illuminate/Pipeline/Pipeline.php:180
#33 /app/Http/Middleware/RedirectIfNotAdmin.php:30
#34 /vendor/laravel/framework/src/Illuminate/Pipeline/Pipeline.php:180
#35 /app/Http/Middleware/LanguageMiddleware.php:22
#36 /vendor/laravel/framework/src/Illuminate/Pipeline/Pipeline.php:180
#37 /vendor/laravel/framework/src/Illuminate/Routing/Middleware/SubstituteBindings.php:50
#38 /vendor/laravel/framework/src/Illuminate/Pipeline/Pipeline.php:180
#39 /vendor/laravel/framework/src/Illuminate/Foundation/Http/Middleware/VerifyCsrfToken.php:78
#40 /vendor/laravel/framework/src/Illuminate/Pipeline/Pipeline.php:180
#41 /vendor/laravel/framework/src/Illuminate/View/Middleware/ShareErrorsFromSession.php:49
#42 /vendor/laravel/framework/src/Illuminate/Pipeline/Pipeline.php:180
#43 /vendor/laravel/framework/src/Illuminate/Session/Middleware/StartSession.php:121
#44 /vendor/laravel/framework/src/Illuminate/Session/Middleware/StartSession.php:64
#45 /vendor/laravel/framework/src/Illuminate/Pipeline/Pipeline.php:180
#46 /vendor/laravel/framework/src/Illuminate/Cookie/Middleware/AddQueuedCookiesToResponse.php:37
#47 /vendor/laravel/framework/src/Illuminate/Pipeline/Pipeline.php:180
#48 /vendor/laravel/framework/src/Illuminate/Cookie/Middleware/EncryptCookies.php:67
#49 /vendor/laravel/framework/src/Illuminate/Pipeline/Pipeline.php:180
  
[2024-05-18 19:36:40] production.INFO: Detected N+1 Query  
[2024-05-18 19:36:40] production.INFO: Model: App\Models\BedType
Relation: App\Models\Room
Num-Called: 39
Call-Stack:
#13 /app/Http/Controllers/Admin/AdminController.php:82
#14 /vendor/laravel/framework/src/Illuminate/Routing/Controller.php:54
#15 /vendor/laravel/framework/src/Illuminate/Routing/ControllerDispatcher.php:43
#16 /vendor/laravel/framework/src/Illuminate/Routing/Route.php:259
#17 /vendor/laravel/framework/src/Illuminate/Routing/Route.php:205
#18 /vendor/laravel/framework/src/Illuminate/Routing/Router.php:798
#19 /vendor/laravel/framework/src/Illuminate/Pipeline/Pipeline.php:141
#20 /app/Http/Middleware/AdminPermissionMiddleware.php:23
#21 /vendor/laravel/framework/src/Illuminate/Pipeline/Pipeline.php:180
#22 /app/Http/Middleware/RedirectIfNotAdmin.php:30
#23 /vendor/laravel/framework/src/Illuminate/Pipeline/Pipeline.php:180
#24 /app/Http/Middleware/LanguageMiddleware.php:22
#25 /vendor/laravel/framework/src/Illuminate/Pipeline/Pipeline.php:180
#26 /vendor/laravel/framework/src/Illuminate/Routing/Middleware/SubstituteBindings.php:50
#27 /vendor/laravel/framework/src/Illuminate/Pipeline/Pipeline.php:180
#28 /vendor/laravel/framework/src/Illuminate/Foundation/Http/Middleware/VerifyCsrfToken.php:78
#29 /vendor/laravel/framework/src/Illuminate/Pipeline/Pipeline.php:180
#30 /vendor/laravel/framework/src/Illuminate/View/Middleware/ShareErrorsFromSession.php:49
#31 /vendor/laravel/framework/src/Illuminate/Pipeline/Pipeline.php:180
#32 /vendor/laravel/framework/src/Illuminate/Session/Middleware/StartSession.php:121
#33 /vendor/laravel/framework/src/Illuminate/Session/Middleware/StartSession.php:64
#34 /vendor/laravel/framework/src/Illuminate/Pipeline/Pipeline.php:180
#35 /vendor/laravel/framework/src/Illuminate/Cookie/Middleware/AddQueuedCookiesToResponse.php:37
#36 /vendor/laravel/framework/src/Illuminate/Pipeline/Pipeline.php:180
#37 /vendor/laravel/framework/src/Illuminate/Cookie/Middleware/EncryptCookies.php:67
#38 /vendor/laravel/framework/src/Illuminate/Pipeline/Pipeline.php:180
#39 /vendor/laramin/utility/src/Utility.php:14
#40 /vendor/laravel/framework/src/Illuminate/Pipeline/Pipeline.php:180
#41 /vendor/laravel/framework/src/Illuminate/Pipeline/Pipeline.php:116
#42 /vendor/laravel/framework/src/Illuminate/Routing/Router.php:797
#43 /vendor/laravel/framework/src/Illuminate/Routing/Router.php:776
#44 /vendor/laravel/framework/src/Illuminate/Routing/Router.php:740
#45 /vendor/laravel/framework/src/Illuminate/Routing/Router.php:729
#46 /vendor/laravel/framework/src/Illuminate/Foundation/Http/Kernel.php:190
#47 /vendor/laravel/framework/src/Illuminate/Pipeline/Pipeline.php:141
#48 /vendor/beyondcode/laravel-query-detector/src/QueryDetectorMiddleware.php:33
#49 /vendor/laravel/framework/src/Illuminate/Pipeline/Pipeline.php:180
  
[2024-05-18 19:36:40] production.INFO: Model: App\Models\Accommodation
Relation: newBedTypes
Num-Called: 6
Call-Stack:
#17 /storage/framework/views/7a710b30040d71e0f5649bbcf1f26c2fc011c489.php:401
#19 /vendor/laravel/framework/src/Illuminate/Filesystem/Filesystem.php:110
#20 /vendor/laravel/framework/src/Illuminate/View/Engines/PhpEngine.php:58
#21 /vendor/laravel/framework/src/Illuminate/View/Engines/CompilerEngine.php:70
#22 /vendor/laravel/framework/src/Illuminate/View/View.php:195
#23 /vendor/laravel/framework/src/Illuminate/View/View.php:178
#24 /vendor/laravel/framework/src/Illuminate/View/View.php:147
#25 /vendor/laravel/framework/src/Illuminate/Http/Response.php:69
#26 /vendor/laravel/framework/src/Illuminate/Http/Response.php:35
#27 /vendor/laravel/framework/src/Illuminate/Routing/Router.php:906
#28 /vendor/laravel/framework/src/Illuminate/Routing/Router.php:875
#29 /vendor/laravel/framework/src/Illuminate/Routing/Router.php:797
#30 /vendor/laravel/framework/src/Illuminate/Pipeline/Pipeline.php:141
#31 /app/Http/Middleware/AdminPermissionMiddleware.php:23
#32 /vendor/laravel/framework/src/Illuminate/Pipeline/Pipeline.php:180
#33 /app/Http/Middleware/RedirectIfNotAdmin.php:30
#34 /vendor/laravel/framework/src/Illuminate/Pipeline/Pipeline.php:180
#35 /app/Http/Middleware/LanguageMiddleware.php:22
#36 /vendor/laravel/framework/src/Illuminate/Pipeline/Pipeline.php:180
#37 /vendor/laravel/framework/src/Illuminate/Routing/Middleware/SubstituteBindings.php:50
#38 /vendor/laravel/framework/src/Illuminate/Pipeline/Pipeline.php:180
#39 /vendor/laravel/framework/src/Illuminate/Foundation/Http/Middleware/VerifyCsrfToken.php:78
#40 /vendor/laravel/framework/src/Illuminate/Pipeline/Pipeline.php:180
#41 /vendor/laravel/framework/src/Illuminate/View/Middleware/ShareErrorsFromSession.php:49
#42 /vendor/laravel/framework/src/Illuminate/Pipeline/Pipeline.php:180
#43 /vendor/laravel/framework/src/Illuminate/Session/Middleware/StartSession.php:121
#44 /vendor/laravel/framework/src/Illuminate/Session/Middleware/StartSession.php:64
#45 /vendor/laravel/framework/src/Illuminate/Pipeline/Pipeline.php:180
#46 /vendor/laravel/framework/src/Illuminate/Cookie/Middleware/AddQueuedCookiesToResponse.php:37
#47 /vendor/laravel/framework/src/Illuminate/Pipeline/Pipeline.php:180
#48 /vendor/laravel/framework/src/Illuminate/Cookie/Middleware/EncryptCookies.php:67
#49 /vendor/laravel/framework/src/Illuminate/Pipeline/Pipeline.php:180
  
[2024-05-18 19:36:45] production.INFO: Detected N+1 Query  
[2024-05-18 19:36:45] production.INFO: Model: App\Models\BedType
Relation: App\Models\Room
Num-Called: 39
Call-Stack:
#13 /app/Http/Controllers/Admin/AdminController.php:82
#14 /vendor/laravel/framework/src/Illuminate/Routing/Controller.php:54
#15 /vendor/laravel/framework/src/Illuminate/Routing/ControllerDispatcher.php:43
#16 /vendor/laravel/framework/src/Illuminate/Routing/Route.php:259
#17 /vendor/laravel/framework/src/Illuminate/Routing/Route.php:205
#18 /vendor/laravel/framework/src/Illuminate/Routing/Router.php:798
#19 /vendor/laravel/framework/src/Illuminate/Pipeline/Pipeline.php:141
#20 /app/Http/Middleware/AdminPermissionMiddleware.php:23
#21 /vendor/laravel/framework/src/Illuminate/Pipeline/Pipeline.php:180
#22 /app/Http/Middleware/RedirectIfNotAdmin.php:30
#23 /vendor/laravel/framework/src/Illuminate/Pipeline/Pipeline.php:180
#24 /app/Http/Middleware/LanguageMiddleware.php:22
#25 /vendor/laravel/framework/src/Illuminate/Pipeline/Pipeline.php:180
#26 /vendor/laravel/framework/src/Illuminate/Routing/Middleware/SubstituteBindings.php:50
#27 /vendor/laravel/framework/src/Illuminate/Pipeline/Pipeline.php:180
#28 /vendor/laravel/framework/src/Illuminate/Foundation/Http/Middleware/VerifyCsrfToken.php:78
#29 /vendor/laravel/framework/src/Illuminate/Pipeline/Pipeline.php:180
#30 /vendor/laravel/framework/src/Illuminate/View/Middleware/ShareErrorsFromSession.php:49
#31 /vendor/laravel/framework/src/Illuminate/Pipeline/Pipeline.php:180
#32 /vendor/laravel/framework/src/Illuminate/Session/Middleware/StartSession.php:121
#33 /vendor/laravel/framework/src/Illuminate/Session/Middleware/StartSession.php:64
#34 /vendor/laravel/framework/src/Illuminate/Pipeline/Pipeline.php:180
#35 /vendor/laravel/framework/src/Illuminate/Cookie/Middleware/AddQueuedCookiesToResponse.php:37
#36 /vendor/laravel/framework/src/Illuminate/Pipeline/Pipeline.php:180
#37 /vendor/laravel/framework/src/Illuminate/Cookie/Middleware/EncryptCookies.php:67
#38 /vendor/laravel/framework/src/Illuminate/Pipeline/Pipeline.php:180
#39 /vendor/laramin/utility/src/Utility.php:14
#40 /vendor/laravel/framework/src/Illuminate/Pipeline/Pipeline.php:180
#41 /vendor/laravel/framework/src/Illuminate/Pipeline/Pipeline.php:116
#42 /vendor/laravel/framework/src/Illuminate/Routing/Router.php:797
#43 /vendor/laravel/framework/src/Illuminate/Routing/Router.php:776
#44 /vendor/laravel/framework/src/Illuminate/Routing/Router.php:740
#45 /vendor/laravel/framework/src/Illuminate/Routing/Router.php:729
#46 /vendor/laravel/framework/src/Illuminate/Foundation/Http/Kernel.php:190
#47 /vendor/laravel/framework/src/Illuminate/Pipeline/Pipeline.php:141
#48 /vendor/beyondcode/laravel-query-detector/src/QueryDetectorMiddleware.php:33
#49 /vendor/laravel/framework/src/Illuminate/Pipeline/Pipeline.php:180
  
[2024-05-18 19:36:45] production.INFO: Model: App\Models\Accommodation
Relation: newBedTypes
Num-Called: 6
Call-Stack:
#17 /storage/framework/views/7a710b30040d71e0f5649bbcf1f26c2fc011c489.php:401
#19 /vendor/laravel/framework/src/Illuminate/Filesystem/Filesystem.php:110
#20 /vendor/laravel/framework/src/Illuminate/View/Engines/PhpEngine.php:58
#21 /vendor/laravel/framework/src/Illuminate/View/Engines/CompilerEngine.php:70
#22 /vendor/laravel/framework/src/Illuminate/View/View.php:195
#23 /vendor/laravel/framework/src/Illuminate/View/View.php:178
#24 /vendor/laravel/framework/src/Illuminate/View/View.php:147
#25 /vendor/laravel/framework/src/Illuminate/Http/Response.php:69
#26 /vendor/laravel/framework/src/Illuminate/Http/Response.php:35
#27 /vendor/laravel/framework/src/Illuminate/Routing/Router.php:906
#28 /vendor/laravel/framework/src/Illuminate/Routing/Router.php:875
#29 /vendor/laravel/framework/src/Illuminate/Routing/Router.php:797
#30 /vendor/laravel/framework/src/Illuminate/Pipeline/Pipeline.php:141
#31 /app/Http/Middleware/AdminPermissionMiddleware.php:23
#32 /vendor/laravel/framework/src/Illuminate/Pipeline/Pipeline.php:180
#33 /app/Http/Middleware/RedirectIfNotAdmin.php:30
#34 /vendor/laravel/framework/src/Illuminate/Pipeline/Pipeline.php:180
#35 /app/Http/Middleware/LanguageMiddleware.php:22
#36 /vendor/laravel/framework/src/Illuminate/Pipeline/Pipeline.php:180
#37 /vendor/laravel/framework/src/Illuminate/Routing/Middleware/SubstituteBindings.php:50
#38 /vendor/laravel/framework/src/Illuminate/Pipeline/Pipeline.php:180
#39 /vendor/laravel/framework/src/Illuminate/Foundation/Http/Middleware/VerifyCsrfToken.php:78
#40 /vendor/laravel/framework/src/Illuminate/Pipeline/Pipeline.php:180
#41 /vendor/laravel/framework/src/Illuminate/View/Middleware/ShareErrorsFromSession.php:49
#42 /vendor/laravel/framework/src/Illuminate/Pipeline/Pipeline.php:180
#43 /vendor/laravel/framework/src/Illuminate/Session/Middleware/StartSession.php:121
#44 /vendor/laravel/framework/src/Illuminate/Session/Middleware/StartSession.php:64
#45 /vendor/laravel/framework/src/Illuminate/Pipeline/Pipeline.php:180
#46 /vendor/laravel/framework/src/Illuminate/Cookie/Middleware/AddQueuedCookiesToResponse.php:37
#47 /vendor/laravel/framework/src/Illuminate/Pipeline/Pipeline.php:180
#48 /vendor/laravel/framework/src/Illuminate/Cookie/Middleware/EncryptCookies.php:67
#49 /vendor/laravel/framework/src/Illuminate/Pipeline/Pipeline.php:180
  
[2024-05-18 19:36:54] production.INFO: Detected N+1 Query  
[2024-05-18 19:36:54] production.INFO: Model: App\Models\BedType
Relation: App\Models\Room
Num-Called: 18
Call-Stack:
#13 /app/Http/Controllers/Admin/AdminController.php:338
#14 /vendor/laravel/framework/src/Illuminate/Routing/Controller.php:54
#15 /vendor/laravel/framework/src/Illuminate/Routing/ControllerDispatcher.php:43
#16 /vendor/laravel/framework/src/Illuminate/Routing/Route.php:259
#17 /vendor/laravel/framework/src/Illuminate/Routing/Route.php:205
#18 /vendor/laravel/framework/src/Illuminate/Routing/Router.php:798
#19 /vendor/laravel/framework/src/Illuminate/Pipeline/Pipeline.php:141
#20 /app/Http/Middleware/AdminPermissionMiddleware.php:23
#21 /vendor/laravel/framework/src/Illuminate/Pipeline/Pipeline.php:180
#22 /app/Http/Middleware/RedirectIfNotAdmin.php:30
#23 /vendor/laravel/framework/src/Illuminate/Pipeline/Pipeline.php:180
#24 /app/Http/Middleware/LanguageMiddleware.php:22
#25 /vendor/laravel/framework/src/Illuminate/Pipeline/Pipeline.php:180
#26 /vendor/laravel/framework/src/Illuminate/Routing/Middleware/SubstituteBindings.php:50
#27 /vendor/laravel/framework/src/Illuminate/Pipeline/Pipeline.php:180
#28 /vendor/laravel/framework/src/Illuminate/Foundation/Http/Middleware/VerifyCsrfToken.php:78
#29 /vendor/laravel/framework/src/Illuminate/Pipeline/Pipeline.php:180
#30 /vendor/laravel/framework/src/Illuminate/View/Middleware/ShareErrorsFromSession.php:49
#31 /vendor/laravel/framework/src/Illuminate/Pipeline/Pipeline.php:180
#32 /vendor/laravel/framework/src/Illuminate/Session/Middleware/StartSession.php:121
#33 /vendor/laravel/framework/src/Illuminate/Session/Middleware/StartSession.php:64
#34 /vendor/laravel/framework/src/Illuminate/Pipeline/Pipeline.php:180
#35 /vendor/laravel/framework/src/Illuminate/Cookie/Middleware/AddQueuedCookiesToResponse.php:37
#36 /vendor/laravel/framework/src/Illuminate/Pipeline/Pipeline.php:180
#37 /vendor/laravel/framework/src/Illuminate/Cookie/Middleware/EncryptCookies.php:67
#38 /vendor/laravel/framework/src/Illuminate/Pipeline/Pipeline.php:180
#39 /vendor/laramin/utility/src/Utility.php:14
#40 /vendor/laravel/framework/src/Illuminate/Pipeline/Pipeline.php:180
#41 /vendor/laravel/framework/src/Illuminate/Pipeline/Pipeline.php:116
#42 /vendor/laravel/framework/src/Illuminate/Routing/Router.php:797
#43 /vendor/laravel/framework/src/Illuminate/Routing/Router.php:776
#44 /vendor/laravel/framework/src/Illuminate/Routing/Router.php:740
#45 /vendor/laravel/framework/src/Illuminate/Routing/Router.php:729
#46 /vendor/laravel/framework/src/Illuminate/Foundation/Http/Kernel.php:190
#47 /vendor/laravel/framework/src/Illuminate/Pipeline/Pipeline.php:141
#48 /vendor/beyondcode/laravel-query-detector/src/QueryDetectorMiddleware.php:33
#49 /vendor/laravel/framework/src/Illuminate/Pipeline/Pipeline.php:180
  
[2024-05-18 19:36:54] production.INFO: Model: App\Models\NewBedType
Relation: App\Models\Room
Num-Called: 2
Call-Stack:
#13 /vendor/laravel/framework/src/Illuminate/Support/Traits/ForwardsCalls.php:23
#14 /vendor/laravel/framework/src/Illuminate/Support/Traits/ForwardsCalls.php:52
#16 /app/Http/Controllers/Admin/AdminController.php:390
#17 /vendor/laravel/framework/src/Illuminate/Routing/Controller.php:54
#18 /vendor/laravel/framework/src/Illuminate/Routing/ControllerDispatcher.php:43
#19 /vendor/laravel/framework/src/Illuminate/Routing/Route.php:259
#20 /vendor/laravel/framework/src/Illuminate/Routing/Route.php:205
#21 /vendor/laravel/framework/src/Illuminate/Routing/Router.php:798
#22 /vendor/laravel/framework/src/Illuminate/Pipeline/Pipeline.php:141
#23 /app/Http/Middleware/AdminPermissionMiddleware.php:23
#24 /vendor/laravel/framework/src/Illuminate/Pipeline/Pipeline.php:180
#25 /app/Http/Middleware/RedirectIfNotAdmin.php:30
#26 /vendor/laravel/framework/src/Illuminate/Pipeline/Pipeline.php:180
#27 /app/Http/Middleware/LanguageMiddleware.php:22
#28 /vendor/laravel/framework/src/Illuminate/Pipeline/Pipeline.php:180
#29 /vendor/laravel/framework/src/Illuminate/Routing/Middleware/SubstituteBindings.php:50
#30 /vendor/laravel/framework/src/Illuminate/Pipeline/Pipeline.php:180
#31 /vendor/laravel/framework/src/Illuminate/Foundation/Http/Middleware/VerifyCsrfToken.php:78
#32 /vendor/laravel/framework/src/Illuminate/Pipeline/Pipeline.php:180
#33 /vendor/laravel/framework/src/Illuminate/View/Middleware/ShareErrorsFromSession.php:49
#34 /vendor/laravel/framework/src/Illuminate/Pipeline/Pipeline.php:180
#35 /vendor/laravel/framework/src/Illuminate/Session/Middleware/StartSession.php:121
#36 /vendor/laravel/framework/src/Illuminate/Session/Middleware/StartSession.php:64
#37 /vendor/laravel/framework/src/Illuminate/Pipeline/Pipeline.php:180
#38 /vendor/laravel/framework/src/Illuminate/Cookie/Middleware/AddQueuedCookiesToResponse.php:37
#39 /vendor/laravel/framework/src/Illuminate/Pipeline/Pipeline.php:180
#40 /vendor/laravel/framework/src/Illuminate/Cookie/Middleware/EncryptCookies.php:67
#41 /vendor/laravel/framework/src/Illuminate/Pipeline/Pipeline.php:180
#42 /vendor/laramin/utility/src/Utility.php:14
#43 /vendor/laravel/framework/src/Illuminate/Pipeline/Pipeline.php:180
#44 /vendor/laravel/framework/src/Illuminate/Pipeline/Pipeline.php:116
#45 /vendor/laravel/framework/src/Illuminate/Routing/Router.php:797
#46 /vendor/laravel/framework/src/Illuminate/Routing/Router.php:776
#47 /vendor/laravel/framework/src/Illuminate/Routing/Router.php:740
#48 /vendor/laravel/framework/src/Illuminate/Routing/Router.php:729
#49 /vendor/laravel/framework/src/Illuminate/Foundation/Http/Kernel.php:190
  
[2024-05-18 19:36:57] production.INFO: Detected N+1 Query  
[2024-05-18 19:36:57] production.INFO: Model: App\Models\BedType
Relation: App\Models\Room
Num-Called: 39
Call-Stack:
#13 /app/Http/Controllers/Admin/AdminController.php:82
#14 /vendor/laravel/framework/src/Illuminate/Routing/Controller.php:54
#15 /vendor/laravel/framework/src/Illuminate/Routing/ControllerDispatcher.php:43
#16 /vendor/laravel/framework/src/Illuminate/Routing/Route.php:259
#17 /vendor/laravel/framework/src/Illuminate/Routing/Route.php:205
#18 /vendor/laravel/framework/src/Illuminate/Routing/Router.php:798
#19 /vendor/laravel/framework/src/Illuminate/Pipeline/Pipeline.php:141
#20 /app/Http/Middleware/AdminPermissionMiddleware.php:23
#21 /vendor/laravel/framework/src/Illuminate/Pipeline/Pipeline.php:180
#22 /app/Http/Middleware/RedirectIfNotAdmin.php:30
#23 /vendor/laravel/framework/src/Illuminate/Pipeline/Pipeline.php:180
#24 /app/Http/Middleware/LanguageMiddleware.php:22
#25 /vendor/laravel/framework/src/Illuminate/Pipeline/Pipeline.php:180
#26 /vendor/laravel/framework/src/Illuminate/Routing/Middleware/SubstituteBindings.php:50
#27 /vendor/laravel/framework/src/Illuminate/Pipeline/Pipeline.php:180
#28 /vendor/laravel/framework/src/Illuminate/Foundation/Http/Middleware/VerifyCsrfToken.php:78
#29 /vendor/laravel/framework/src/Illuminate/Pipeline/Pipeline.php:180
#30 /vendor/laravel/framework/src/Illuminate/View/Middleware/ShareErrorsFromSession.php:49
#31 /vendor/laravel/framework/src/Illuminate/Pipeline/Pipeline.php:180
#32 /vendor/laravel/framework/src/Illuminate/Session/Middleware/StartSession.php:121
#33 /vendor/laravel/framework/src/Illuminate/Session/Middleware/StartSession.php:64
#34 /vendor/laravel/framework/src/Illuminate/Pipeline/Pipeline.php:180
#35 /vendor/laravel/framework/src/Illuminate/Cookie/Middleware/AddQueuedCookiesToResponse.php:37
#36 /vendor/laravel/framework/src/Illuminate/Pipeline/Pipeline.php:180
#37 /vendor/laravel/framework/src/Illuminate/Cookie/Middleware/EncryptCookies.php:67
#38 /vendor/laravel/framework/src/Illuminate/Pipeline/Pipeline.php:180
#39 /vendor/laramin/utility/src/Utility.php:14
#40 /vendor/laravel/framework/src/Illuminate/Pipeline/Pipeline.php:180
#41 /vendor/laravel/framework/src/Illuminate/Pipeline/Pipeline.php:116
#42 /vendor/laravel/framework/src/Illuminate/Routing/Router.php:797
#43 /vendor/laravel/framework/src/Illuminate/Routing/Router.php:776
#44 /vendor/laravel/framework/src/Illuminate/Routing/Router.php:740
#45 /vendor/laravel/framework/src/Illuminate/Routing/Router.php:729
#46 /vendor/laravel/framework/src/Illuminate/Foundation/Http/Kernel.php:190
#47 /vendor/laravel/framework/src/Illuminate/Pipeline/Pipeline.php:141
#48 /vendor/beyondcode/laravel-query-detector/src/QueryDetectorMiddleware.php:33
#49 /vendor/laravel/framework/src/Illuminate/Pipeline/Pipeline.php:180
  
[2024-05-18 19:36:57] production.INFO: Model: App\Models\Accommodation
Relation: newBedTypes
Num-Called: 6
Call-Stack:
#17 /storage/framework/views/7a710b30040d71e0f5649bbcf1f26c2fc011c489.php:401
#19 /vendor/laravel/framework/src/Illuminate/Filesystem/Filesystem.php:110
#20 /vendor/laravel/framework/src/Illuminate/View/Engines/PhpEngine.php:58
#21 /vendor/laravel/framework/src/Illuminate/View/Engines/CompilerEngine.php:70
#22 /vendor/laravel/framework/src/Illuminate/View/View.php:195
#23 /vendor/laravel/framework/src/Illuminate/View/View.php:178
#24 /vendor/laravel/framework/src/Illuminate/View/View.php:147
#25 /vendor/laravel/framework/src/Illuminate/Http/Response.php:69
#26 /vendor/laravel/framework/src/Illuminate/Http/Response.php:35
#27 /vendor/laravel/framework/src/Illuminate/Routing/Router.php:906
#28 /vendor/laravel/framework/src/Illuminate/Routing/Router.php:875
#29 /vendor/laravel/framework/src/Illuminate/Routing/Router.php:797
#30 /vendor/laravel/framework/src/Illuminate/Pipeline/Pipeline.php:141
#31 /app/Http/Middleware/AdminPermissionMiddleware.php:23
#32 /vendor/laravel/framework/src/Illuminate/Pipeline/Pipeline.php:180
#33 /app/Http/Middleware/RedirectIfNotAdmin.php:30
#34 /vendor/laravel/framework/src/Illuminate/Pipeline/Pipeline.php:180
#35 /app/Http/Middleware/LanguageMiddleware.php:22
#36 /vendor/laravel/framework/src/Illuminate/Pipeline/Pipeline.php:180
#37 /vendor/laravel/framework/src/Illuminate/Routing/Middleware/SubstituteBindings.php:50
#38 /vendor/laravel/framework/src/Illuminate/Pipeline/Pipeline.php:180
#39 /vendor/laravel/framework/src/Illuminate/Foundation/Http/Middleware/VerifyCsrfToken.php:78
#40 /vendor/laravel/framework/src/Illuminate/Pipeline/Pipeline.php:180
#41 /vendor/laravel/framework/src/Illuminate/View/Middleware/ShareErrorsFromSession.php:49
#42 /vendor/laravel/framework/src/Illuminate/Pipeline/Pipeline.php:180
#43 /vendor/laravel/framework/src/Illuminate/Session/Middleware/StartSession.php:121
#44 /vendor/laravel/framework/src/Illuminate/Session/Middleware/StartSession.php:64
#45 /vendor/laravel/framework/src/Illuminate/Pipeline/Pipeline.php:180
#46 /vendor/laravel/framework/src/Illuminate/Cookie/Middleware/AddQueuedCookiesToResponse.php:37
#47 /vendor/laravel/framework/src/Illuminate/Pipeline/Pipeline.php:180
#48 /vendor/laravel/framework/src/Illuminate/Cookie/Middleware/EncryptCookies.php:67
#49 /vendor/laravel/framework/src/Illuminate/Pipeline/Pipeline.php:180
  
[2024-05-18 19:37:28] production.INFO: Detected N+1 Query  
[2024-05-18 19:37:28] production.INFO: Model: App\Models\BedType
Relation: App\Models\Room
Num-Called: 39
Call-Stack:
#13 /app/Http/Controllers/Admin/AdminController.php:82
#14 /vendor/laravel/framework/src/Illuminate/Routing/Controller.php:54
#15 /vendor/laravel/framework/src/Illuminate/Routing/ControllerDispatcher.php:43
#16 /vendor/laravel/framework/src/Illuminate/Routing/Route.php:259
#17 /vendor/laravel/framework/src/Illuminate/Routing/Route.php:205
#18 /vendor/laravel/framework/src/Illuminate/Routing/Router.php:798
#19 /vendor/laravel/framework/src/Illuminate/Pipeline/Pipeline.php:141
#20 /app/Http/Middleware/AdminPermissionMiddleware.php:23
#21 /vendor/laravel/framework/src/Illuminate/Pipeline/Pipeline.php:180
#22 /app/Http/Middleware/RedirectIfNotAdmin.php:30
#23 /vendor/laravel/framework/src/Illuminate/Pipeline/Pipeline.php:180
#24 /app/Http/Middleware/LanguageMiddleware.php:22
#25 /vendor/laravel/framework/src/Illuminate/Pipeline/Pipeline.php:180
#26 /vendor/laravel/framework/src/Illuminate/Routing/Middleware/SubstituteBindings.php:50
#27 /vendor/laravel/framework/src/Illuminate/Pipeline/Pipeline.php:180
#28 /vendor/laravel/framework/src/Illuminate/Foundation/Http/Middleware/VerifyCsrfToken.php:78
#29 /vendor/laravel/framework/src/Illuminate/Pipeline/Pipeline.php:180
#30 /vendor/laravel/framework/src/Illuminate/View/Middleware/ShareErrorsFromSession.php:49
#31 /vendor/laravel/framework/src/Illuminate/Pipeline/Pipeline.php:180
#32 /vendor/laravel/framework/src/Illuminate/Session/Middleware/StartSession.php:121
#33 /vendor/laravel/framework/src/Illuminate/Session/Middleware/StartSession.php:64
#34 /vendor/laravel/framework/src/Illuminate/Pipeline/Pipeline.php:180
#35 /vendor/laravel/framework/src/Illuminate/Cookie/Middleware/AddQueuedCookiesToResponse.php:37
#36 /vendor/laravel/framework/src/Illuminate/Pipeline/Pipeline.php:180
#37 /vendor/laravel/framework/src/Illuminate/Cookie/Middleware/EncryptCookies.php:67
#38 /vendor/laravel/framework/src/Illuminate/Pipeline/Pipeline.php:180
#39 /vendor/laramin/utility/src/Utility.php:14
#40 /vendor/laravel/framework/src/Illuminate/Pipeline/Pipeline.php:180
#41 /vendor/laravel/framework/src/Illuminate/Pipeline/Pipeline.php:116
#42 /vendor/laravel/framework/src/Illuminate/Routing/Router.php:797
#43 /vendor/laravel/framework/src/Illuminate/Routing/Router.php:776
#44 /vendor/laravel/framework/src/Illuminate/Routing/Router.php:740
#45 /vendor/laravel/framework/src/Illuminate/Routing/Router.php:729
#46 /vendor/laravel/framework/src/Illuminate/Foundation/Http/Kernel.php:190
#47 /vendor/laravel/framework/src/Illuminate/Pipeline/Pipeline.php:141
#48 /vendor/beyondcode/laravel-query-detector/src/QueryDetectorMiddleware.php:33
#49 /vendor/laravel/framework/src/Illuminate/Pipeline/Pipeline.php:180
  
[2024-05-18 19:37:28] production.INFO: Model: App\Models\Accommodation
Relation: newBedTypes
Num-Called: 6
Call-Stack:
#17 /storage/framework/views/7a710b30040d71e0f5649bbcf1f26c2fc011c489.php:401
#19 /vendor/laravel/framework/src/Illuminate/Filesystem/Filesystem.php:110
#20 /vendor/laravel/framework/src/Illuminate/View/Engines/PhpEngine.php:58
#21 /vendor/laravel/framework/src/Illuminate/View/Engines/CompilerEngine.php:70
#22 /vendor/laravel/framework/src/Illuminate/View/View.php:195
#23 /vendor/laravel/framework/src/Illuminate/View/View.php:178
#24 /vendor/laravel/framework/src/Illuminate/View/View.php:147
#25 /vendor/laravel/framework/src/Illuminate/Http/Response.php:69
#26 /vendor/laravel/framework/src/Illuminate/Http/Response.php:35
#27 /vendor/laravel/framework/src/Illuminate/Routing/Router.php:906
#28 /vendor/laravel/framework/src/Illuminate/Routing/Router.php:875
#29 /vendor/laravel/framework/src/Illuminate/Routing/Router.php:797
#30 /vendor/laravel/framework/src/Illuminate/Pipeline/Pipeline.php:141
#31 /app/Http/Middleware/AdminPermissionMiddleware.php:23
#32 /vendor/laravel/framework/src/Illuminate/Pipeline/Pipeline.php:180
#33 /app/Http/Middleware/RedirectIfNotAdmin.php:30
#34 /vendor/laravel/framework/src/Illuminate/Pipeline/Pipeline.php:180
#35 /app/Http/Middleware/LanguageMiddleware.php:22
#36 /vendor/laravel/framework/src/Illuminate/Pipeline/Pipeline.php:180
#37 /vendor/laravel/framework/src/Illuminate/Routing/Middleware/SubstituteBindings.php:50
#38 /vendor/laravel/framework/src/Illuminate/Pipeline/Pipeline.php:180
#39 /vendor/laravel/framework/src/Illuminate/Foundation/Http/Middleware/VerifyCsrfToken.php:78
#40 /vendor/laravel/framework/src/Illuminate/Pipeline/Pipeline.php:180
#41 /vendor/laravel/framework/src/Illuminate/View/Middleware/ShareErrorsFromSession.php:49
#42 /vendor/laravel/framework/src/Illuminate/Pipeline/Pipeline.php:180
#43 /vendor/laravel/framework/src/Illuminate/Session/Middleware/StartSession.php:121
#44 /vendor/laravel/framework/src/Illuminate/Session/Middleware/StartSession.php:64
#45 /vendor/laravel/framework/src/Illuminate/Pipeline/Pipeline.php:180
#46 /vendor/laravel/framework/src/Illuminate/Cookie/Middleware/AddQueuedCookiesToResponse.php:37
#47 /vendor/laravel/framework/src/Illuminate/Pipeline/Pipeline.php:180
#48 /vendor/laravel/framework/src/Illuminate/Cookie/Middleware/EncryptCookies.php:67
#49 /vendor/laravel/framework/src/Illuminate/Pipeline/Pipeline.php:180
  
[2024-05-18 19:37:37] production.INFO: Detected N+1 Query  
[2024-05-18 19:37:37] production.INFO: Model: App\Models\User
Relation: accommodation
Num-Called: 6
Call-Stack:
#18 /storage/framework/views/b22fc847b0c01ad342916743490a568cbfd9fdfc.php:40
#20 /vendor/laravel/framework/src/Illuminate/Filesystem/Filesystem.php:110
#21 /vendor/laravel/framework/src/Illuminate/View/Engines/PhpEngine.php:58
#22 /vendor/laravel/framework/src/Illuminate/View/Engines/CompilerEngine.php:70
#23 /vendor/laravel/framework/src/Illuminate/View/View.php:195
#24 /vendor/laravel/framework/src/Illuminate/View/View.php:178
#25 /vendor/laravel/framework/src/Illuminate/View/View.php:147
#26 /vendor/laravel/framework/src/Illuminate/Http/Response.php:69
#27 /vendor/laravel/framework/src/Illuminate/Http/Response.php:35
#28 /vendor/laravel/framework/src/Illuminate/Routing/Router.php:906
#29 /vendor/laravel/framework/src/Illuminate/Routing/Router.php:875
#30 /vendor/laravel/framework/src/Illuminate/Routing/Router.php:797
#31 /vendor/laravel/framework/src/Illuminate/Pipeline/Pipeline.php:141
#32 /app/Http/Middleware/AdminPermissionMiddleware.php:23
#33 /vendor/laravel/framework/src/Illuminate/Pipeline/Pipeline.php:180
#34 /app/Http/Middleware/RedirectIfNotAdmin.php:30
#35 /vendor/laravel/framework/src/Illuminate/Pipeline/Pipeline.php:180
#36 /app/Http/Middleware/LanguageMiddleware.php:22
#37 /vendor/laravel/framework/src/Illuminate/Pipeline/Pipeline.php:180
#38 /vendor/laravel/framework/src/Illuminate/Routing/Middleware/SubstituteBindings.php:50
#39 /vendor/laravel/framework/src/Illuminate/Pipeline/Pipeline.php:180
#40 /vendor/laravel/framework/src/Illuminate/Foundation/Http/Middleware/VerifyCsrfToken.php:78
#41 /vendor/laravel/framework/src/Illuminate/Pipeline/Pipeline.php:180
#42 /vendor/laravel/framework/src/Illuminate/View/Middleware/ShareErrorsFromSession.php:49
#43 /vendor/laravel/framework/src/Illuminate/Pipeline/Pipeline.php:180
#44 /vendor/laravel/framework/src/Illuminate/Session/Middleware/StartSession.php:121
#45 /vendor/laravel/framework/src/Illuminate/Session/Middleware/StartSession.php:64
#46 /vendor/laravel/framework/src/Illuminate/Pipeline/Pipeline.php:180
#47 /vendor/laravel/framework/src/Illuminate/Cookie/Middleware/AddQueuedCookiesToResponse.php:37
#48 /vendor/laravel/framework/src/Illuminate/Pipeline/Pipeline.php:180
#49 /vendor/laravel/framework/src/Illuminate/Cookie/Middleware/EncryptCookies.php:67
  
[2024-05-18 19:38:29] production.INFO: Detected N+1 Query  
[2024-05-18 19:38:29] production.INFO: Model: App\Models\BedType
Relation: App\Models\Room
Num-Called: 39
Call-Stack:
#13 /app/Http/Controllers/Admin/AdminController.php:82
#14 /vendor/laravel/framework/src/Illuminate/Routing/Controller.php:54
#15 /vendor/laravel/framework/src/Illuminate/Routing/ControllerDispatcher.php:43
#16 /vendor/laravel/framework/src/Illuminate/Routing/Route.php:259
#17 /vendor/laravel/framework/src/Illuminate/Routing/Route.php:205
#18 /vendor/laravel/framework/src/Illuminate/Routing/Router.php:798
#19 /vendor/laravel/framework/src/Illuminate/Pipeline/Pipeline.php:141
#20 /app/Http/Middleware/AdminPermissionMiddleware.php:23
#21 /vendor/laravel/framework/src/Illuminate/Pipeline/Pipeline.php:180
#22 /app/Http/Middleware/RedirectIfNotAdmin.php:30
#23 /vendor/laravel/framework/src/Illuminate/Pipeline/Pipeline.php:180
#24 /app/Http/Middleware/LanguageMiddleware.php:22
#25 /vendor/laravel/framework/src/Illuminate/Pipeline/Pipeline.php:180
#26 /vendor/laravel/framework/src/Illuminate/Routing/Middleware/SubstituteBindings.php:50
#27 /vendor/laravel/framework/src/Illuminate/Pipeline/Pipeline.php:180
#28 /vendor/laravel/framework/src/Illuminate/Foundation/Http/Middleware/VerifyCsrfToken.php:78
#29 /vendor/laravel/framework/src/Illuminate/Pipeline/Pipeline.php:180
#30 /vendor/laravel/framework/src/Illuminate/View/Middleware/ShareErrorsFromSession.php:49
#31 /vendor/laravel/framework/src/Illuminate/Pipeline/Pipeline.php:180
#32 /vendor/laravel/framework/src/Illuminate/Session/Middleware/StartSession.php:121
#33 /vendor/laravel/framework/src/Illuminate/Session/Middleware/StartSession.php:64
#34 /vendor/laravel/framework/src/Illuminate/Pipeline/Pipeline.php:180
#35 /vendor/laravel/framework/src/Illuminate/Cookie/Middleware/AddQueuedCookiesToResponse.php:37
#36 /vendor/laravel/framework/src/Illuminate/Pipeline/Pipeline.php:180
#37 /vendor/laravel/framework/src/Illuminate/Cookie/Middleware/EncryptCookies.php:67
#38 /vendor/laravel/framework/src/Illuminate/Pipeline/Pipeline.php:180
#39 /vendor/laramin/utility/src/Utility.php:14
#40 /vendor/laravel/framework/src/Illuminate/Pipeline/Pipeline.php:180
#41 /vendor/laravel/framework/src/Illuminate/Pipeline/Pipeline.php:116
#42 /vendor/laravel/framework/src/Illuminate/Routing/Router.php:797
#43 /vendor/laravel/framework/src/Illuminate/Routing/Router.php:776
#44 /vendor/laravel/framework/src/Illuminate/Routing/Router.php:740
#45 /vendor/laravel/framework/src/Illuminate/Routing/Router.php:729
#46 /vendor/laravel/framework/src/Illuminate/Foundation/Http/Kernel.php:190
#47 /vendor/laravel/framework/src/Illuminate/Pipeline/Pipeline.php:141
#48 /vendor/beyondcode/laravel-query-detector/src/QueryDetectorMiddleware.php:33
#49 /vendor/laravel/framework/src/Illuminate/Pipeline/Pipeline.php:180
  
[2024-05-18 19:38:29] production.INFO: Model: App\Models\Accommodation
Relation: newBedTypes
Num-Called: 6
Call-Stack:
#17 /storage/framework/views/7a710b30040d71e0f5649bbcf1f26c2fc011c489.php:401
#19 /vendor/laravel/framework/src/Illuminate/Filesystem/Filesystem.php:110
#20 /vendor/laravel/framework/src/Illuminate/View/Engines/PhpEngine.php:58
#21 /vendor/laravel/framework/src/Illuminate/View/Engines/CompilerEngine.php:70
#22 /vendor/laravel/framework/src/Illuminate/View/View.php:195
#23 /vendor/laravel/framework/src/Illuminate/View/View.php:178
#24 /vendor/laravel/framework/src/Illuminate/View/View.php:147
#25 /vendor/laravel/framework/src/Illuminate/Http/Response.php:69
#26 /vendor/laravel/framework/src/Illuminate/Http/Response.php:35
#27 /vendor/laravel/framework/src/Illuminate/Routing/Router.php:906
#28 /vendor/laravel/framework/src/Illuminate/Routing/Router.php:875
#29 /vendor/laravel/framework/src/Illuminate/Routing/Router.php:797
#30 /vendor/laravel/framework/src/Illuminate/Pipeline/Pipeline.php:141
#31 /app/Http/Middleware/AdminPermissionMiddleware.php:23
#32 /vendor/laravel/framework/src/Illuminate/Pipeline/Pipeline.php:180
#33 /app/Http/Middleware/RedirectIfNotAdmin.php:30
#34 /vendor/laravel/framework/src/Illuminate/Pipeline/Pipeline.php:180
#35 /app/Http/Middleware/LanguageMiddleware.php:22
#36 /vendor/laravel/framework/src/Illuminate/Pipeline/Pipeline.php:180
#37 /vendor/laravel/framework/src/Illuminate/Routing/Middleware/SubstituteBindings.php:50
#38 /vendor/laravel/framework/src/Illuminate/Pipeline/Pipeline.php:180
#39 /vendor/laravel/framework/src/Illuminate/Foundation/Http/Middleware/VerifyCsrfToken.php:78
#40 /vendor/laravel/framework/src/Illuminate/Pipeline/Pipeline.php:180
#41 /vendor/laravel/framework/src/Illuminate/View/Middleware/ShareErrorsFromSession.php:49
#42 /vendor/laravel/framework/src/Illuminate/Pipeline/Pipeline.php:180
#43 /vendor/laravel/framework/src/Illuminate/Session/Middleware/StartSession.php:121
#44 /vendor/laravel/framework/src/Illuminate/Session/Middleware/StartSession.php:64
#45 /vendor/laravel/framework/src/Illuminate/Pipeline/Pipeline.php:180
#46 /vendor/laravel/framework/src/Illuminate/Cookie/Middleware/AddQueuedCookiesToResponse.php:37
#47 /vendor/laravel/framework/src/Illuminate/Pipeline/Pipeline.php:180
#48 /vendor/laravel/framework/src/Illuminate/Cookie/Middleware/EncryptCookies.php:67
#49 /vendor/laravel/framework/src/Illuminate/Pipeline/Pipeline.php:180
  
[2024-05-18 19:38:55] production.INFO: Detected N+1 Query  
[2024-05-18 19:38:55] production.INFO: Model: App\Models\BedType
Relation: App\Models\Room
Num-Called: 39
Call-Stack:
#13 /app/Http/Controllers/Admin/AdminController.php:82
#14 /vendor/laravel/framework/src/Illuminate/Routing/Controller.php:54
#15 /vendor/laravel/framework/src/Illuminate/Routing/ControllerDispatcher.php:43
#16 /vendor/laravel/framework/src/Illuminate/Routing/Route.php:259
#17 /vendor/laravel/framework/src/Illuminate/Routing/Route.php:205
#18 /vendor/laravel/framework/src/Illuminate/Routing/Router.php:798
#19 /vendor/laravel/framework/src/Illuminate/Pipeline/Pipeline.php:141
#20 /app/Http/Middleware/AdminPermissionMiddleware.php:23
#21 /vendor/laravel/framework/src/Illuminate/Pipeline/Pipeline.php:180
#22 /app/Http/Middleware/RedirectIfNotAdmin.php:30
#23 /vendor/laravel/framework/src/Illuminate/Pipeline/Pipeline.php:180
#24 /app/Http/Middleware/LanguageMiddleware.php:22
#25 /vendor/laravel/framework/src/Illuminate/Pipeline/Pipeline.php:180
#26 /vendor/laravel/framework/src/Illuminate/Routing/Middleware/SubstituteBindings.php:50
#27 /vendor/laravel/framework/src/Illuminate/Pipeline/Pipeline.php:180
#28 /vendor/laravel/framework/src/Illuminate/Foundation/Http/Middleware/VerifyCsrfToken.php:78
#29 /vendor/laravel/framework/src/Illuminate/Pipeline/Pipeline.php:180
#30 /vendor/laravel/framework/src/Illuminate/View/Middleware/ShareErrorsFromSession.php:49
#31 /vendor/laravel/framework/src/Illuminate/Pipeline/Pipeline.php:180
#32 /vendor/laravel/framework/src/Illuminate/Session/Middleware/StartSession.php:121
#33 /vendor/laravel/framework/src/Illuminate/Session/Middleware/StartSession.php:64
#34 /vendor/laravel/framework/src/Illuminate/Pipeline/Pipeline.php:180
#35 /vendor/laravel/framework/src/Illuminate/Cookie/Middleware/AddQueuedCookiesToResponse.php:37
#36 /vendor/laravel/framework/src/Illuminate/Pipeline/Pipeline.php:180
#37 /vendor/laravel/framework/src/Illuminate/Cookie/Middleware/EncryptCookies.php:67
#38 /vendor/laravel/framework/src/Illuminate/Pipeline/Pipeline.php:180
#39 /vendor/laramin/utility/src/Utility.php:14
#40 /vendor/laravel/framework/src/Illuminate/Pipeline/Pipeline.php:180
#41 /vendor/laravel/framework/src/Illuminate/Pipeline/Pipeline.php:116
#42 /vendor/laravel/framework/src/Illuminate/Routing/Router.php:797
#43 /vendor/laravel/framework/src/Illuminate/Routing/Router.php:776
#44 /vendor/laravel/framework/src/Illuminate/Routing/Router.php:740
#45 /vendor/laravel/framework/src/Illuminate/Routing/Router.php:729
#46 /vendor/laravel/framework/src/Illuminate/Foundation/Http/Kernel.php:190
#47 /vendor/laravel/framework/src/Illuminate/Pipeline/Pipeline.php:141
#48 /vendor/beyondcode/laravel-query-detector/src/QueryDetectorMiddleware.php:33
#49 /vendor/laravel/framework/src/Illuminate/Pipeline/Pipeline.php:180
  
[2024-05-18 19:38:55] production.INFO: Model: App\Models\Accommodation
Relation: newBedTypes
Num-Called: 6
Call-Stack:
#17 /storage/framework/views/7a710b30040d71e0f5649bbcf1f26c2fc011c489.php:401
#19 /vendor/laravel/framework/src/Illuminate/Filesystem/Filesystem.php:110
#20 /vendor/laravel/framework/src/Illuminate/View/Engines/PhpEngine.php:58
#21 /vendor/laravel/framework/src/Illuminate/View/Engines/CompilerEngine.php:70
#22 /vendor/laravel/framework/src/Illuminate/View/View.php:195
#23 /vendor/laravel/framework/src/Illuminate/View/View.php:178
#24 /vendor/laravel/framework/src/Illuminate/View/View.php:147
#25 /vendor/laravel/framework/src/Illuminate/Http/Response.php:69
#26 /vendor/laravel/framework/src/Illuminate/Http/Response.php:35
#27 /vendor/laravel/framework/src/Illuminate/Routing/Router.php:906
#28 /vendor/laravel/framework/src/Illuminate/Routing/Router.php:875
#29 /vendor/laravel/framework/src/Illuminate/Routing/Router.php:797
#30 /vendor/laravel/framework/src/Illuminate/Pipeline/Pipeline.php:141
#31 /app/Http/Middleware/AdminPermissionMiddleware.php:23
#32 /vendor/laravel/framework/src/Illuminate/Pipeline/Pipeline.php:180
#33 /app/Http/Middleware/RedirectIfNotAdmin.php:30
#34 /vendor/laravel/framework/src/Illuminate/Pipeline/Pipeline.php:180
#35 /app/Http/Middleware/LanguageMiddleware.php:22
#36 /vendor/laravel/framework/src/Illuminate/Pipeline/Pipeline.php:180
#37 /vendor/laravel/framework/src/Illuminate/Routing/Middleware/SubstituteBindings.php:50
#38 /vendor/laravel/framework/src/Illuminate/Pipeline/Pipeline.php:180
#39 /vendor/laravel/framework/src/Illuminate/Foundation/Http/Middleware/VerifyCsrfToken.php:78
#40 /vendor/laravel/framework/src/Illuminate/Pipeline/Pipeline.php:180
#41 /vendor/laravel/framework/src/Illuminate/View/Middleware/ShareErrorsFromSession.php:49
#42 /vendor/laravel/framework/src/Illuminate/Pipeline/Pipeline.php:180
#43 /vendor/laravel/framework/src/Illuminate/Session/Middleware/StartSession.php:121
#44 /vendor/laravel/framework/src/Illuminate/Session/Middleware/StartSession.php:64
#45 /vendor/laravel/framework/src/Illuminate/Pipeline/Pipeline.php:180
#46 /vendor/laravel/framework/src/Illuminate/Cookie/Middleware/AddQueuedCookiesToResponse.php:37
#47 /vendor/laravel/framework/src/Illuminate/Pipeline/Pipeline.php:180
#48 /vendor/laravel/framework/src/Illuminate/Cookie/Middleware/EncryptCookies.php:67
#49 /vendor/laravel/framework/src/Illuminate/Pipeline/Pipeline.php:180
  
[2024-05-18 19:40:08] production.INFO: Detected N+1 Query  
[2024-05-18 19:40:08] production.INFO: Model: App\Models\StaffTransfer
Relation: App\Models\Accommodation
Num-Called: 2
Call-Stack:
#17 /app/Http/Controllers/Admin/ManageUsersController.php:24
#18 /vendor/laravel/framework/src/Illuminate/Routing/Controller.php:54
#19 /vendor/laravel/framework/src/Illuminate/Routing/ControllerDispatcher.php:43
#20 /vendor/laravel/framework/src/Illuminate/Routing/Route.php:259
#21 /vendor/laravel/framework/src/Illuminate/Routing/Route.php:205
#22 /vendor/laravel/framework/src/Illuminate/Routing/Router.php:798
#23 /vendor/laravel/framework/src/Illuminate/Pipeline/Pipeline.php:141
#24 /app/Http/Middleware/AdminPermissionMiddleware.php:23
#25 /vendor/laravel/framework/src/Illuminate/Pipeline/Pipeline.php:180
#26 /app/Http/Middleware/RedirectIfNotAdmin.php:30
#27 /vendor/laravel/framework/src/Illuminate/Pipeline/Pipeline.php:180
#28 /app/Http/Middleware/LanguageMiddleware.php:22
#29 /vendor/laravel/framework/src/Illuminate/Pipeline/Pipeline.php:180
#30 /vendor/laravel/framework/src/Illuminate/Routing/Middleware/SubstituteBindings.php:50
#31 /vendor/laravel/framework/src/Illuminate/Pipeline/Pipeline.php:180
#32 /vendor/laravel/framework/src/Illuminate/Foundation/Http/Middleware/VerifyCsrfToken.php:78
#33 /vendor/laravel/framework/src/Illuminate/Pipeline/Pipeline.php:180
#34 /vendor/laravel/framework/src/Illuminate/View/Middleware/ShareErrorsFromSession.php:49
#35 /vendor/laravel/framework/src/Illuminate/Pipeline/Pipeline.php:180
#36 /vendor/laravel/framework/src/Illuminate/Session/Middleware/StartSession.php:121
#37 /vendor/laravel/framework/src/Illuminate/Session/Middleware/StartSession.php:64
#38 /vendor/laravel/framework/src/Illuminate/Pipeline/Pipeline.php:180
#39 /vendor/laravel/framework/src/Illuminate/Cookie/Middleware/AddQueuedCookiesToResponse.php:37
#40 /vendor/laravel/framework/src/Illuminate/Pipeline/Pipeline.php:180
#41 /vendor/laravel/framework/src/Illuminate/Cookie/Middleware/EncryptCookies.php:67
#42 /vendor/laravel/framework/src/Illuminate/Pipeline/Pipeline.php:180
#43 /vendor/laramin/utility/src/Utility.php:14
#44 /vendor/laravel/framework/src/Illuminate/Pipeline/Pipeline.php:180
#45 /vendor/laravel/framework/src/Illuminate/Pipeline/Pipeline.php:116
#46 /vendor/laravel/framework/src/Illuminate/Routing/Router.php:797
#47 /vendor/laravel/framework/src/Illuminate/Routing/Router.php:776
#48 /vendor/laravel/framework/src/Illuminate/Routing/Router.php:740
#49 /vendor/laravel/framework/src/Illuminate/Routing/Router.php:729
  
[2024-05-18 19:40:22] production.INFO: Detected N+1 Query  
[2024-05-18 19:40:22] production.INFO: Model: App\Models\StaffTransfer
Relation: App\Models\Accommodation
Num-Called: 2
Call-Stack:
#17 /app/Http/Controllers/Admin/ManageUsersController.php:24
#18 /vendor/laravel/framework/src/Illuminate/Routing/Controller.php:54
#19 /vendor/laravel/framework/src/Illuminate/Routing/ControllerDispatcher.php:43
#20 /vendor/laravel/framework/src/Illuminate/Routing/Route.php:259
#21 /vendor/laravel/framework/src/Illuminate/Routing/Route.php:205
#22 /vendor/laravel/framework/src/Illuminate/Routing/Router.php:798
#23 /vendor/laravel/framework/src/Illuminate/Pipeline/Pipeline.php:141
#24 /app/Http/Middleware/AdminPermissionMiddleware.php:23
#25 /vendor/laravel/framework/src/Illuminate/Pipeline/Pipeline.php:180
#26 /app/Http/Middleware/RedirectIfNotAdmin.php:30
#27 /vendor/laravel/framework/src/Illuminate/Pipeline/Pipeline.php:180
#28 /app/Http/Middleware/LanguageMiddleware.php:22
#29 /vendor/laravel/framework/src/Illuminate/Pipeline/Pipeline.php:180
#30 /vendor/laravel/framework/src/Illuminate/Routing/Middleware/SubstituteBindings.php:50
#31 /vendor/laravel/framework/src/Illuminate/Pipeline/Pipeline.php:180
#32 /vendor/laravel/framework/src/Illuminate/Foundation/Http/Middleware/VerifyCsrfToken.php:78
#33 /vendor/laravel/framework/src/Illuminate/Pipeline/Pipeline.php:180
#34 /vendor/laravel/framework/src/Illuminate/View/Middleware/ShareErrorsFromSession.php:49
#35 /vendor/laravel/framework/src/Illuminate/Pipeline/Pipeline.php:180
#36 /vendor/laravel/framework/src/Illuminate/Session/Middleware/StartSession.php:121
#37 /vendor/laravel/framework/src/Illuminate/Session/Middleware/StartSession.php:64
#38 /vendor/laravel/framework/src/Illuminate/Pipeline/Pipeline.php:180
#39 /vendor/laravel/framework/src/Illuminate/Cookie/Middleware/AddQueuedCookiesToResponse.php:37
#40 /vendor/laravel/framework/src/Illuminate/Pipeline/Pipeline.php:180
#41 /vendor/laravel/framework/src/Illuminate/Cookie/Middleware/EncryptCookies.php:67
#42 /vendor/laravel/framework/src/Illuminate/Pipeline/Pipeline.php:180
#43 /vendor/laramin/utility/src/Utility.php:14
#44 /vendor/laravel/framework/src/Illuminate/Pipeline/Pipeline.php:180
#45 /vendor/laravel/framework/src/Illuminate/Pipeline/Pipeline.php:116
#46 /vendor/laravel/framework/src/Illuminate/Routing/Router.php:797
#47 /vendor/laravel/framework/src/Illuminate/Routing/Router.php:776
#48 /vendor/laravel/framework/src/Illuminate/Routing/Router.php:740
#49 /vendor/laravel/framework/src/Illuminate/Routing/Router.php:729
  
[2024-05-18 19:45:01] production.INFO: Detected N+1 Query  
[2024-05-18 19:45:01] production.INFO: Model: App\Models\StaffTransfer
Relation: App\Models\Accommodation
Num-Called: 2
Call-Stack:
#17 /app/Http/Controllers/Admin/ManageUsersController.php:24
#18 /vendor/laravel/framework/src/Illuminate/Routing/Controller.php:54
#19 /vendor/laravel/framework/src/Illuminate/Routing/ControllerDispatcher.php:43
#20 /vendor/laravel/framework/src/Illuminate/Routing/Route.php:259
#21 /vendor/laravel/framework/src/Illuminate/Routing/Route.php:205
#22 /vendor/laravel/framework/src/Illuminate/Routing/Router.php:798
#23 /vendor/laravel/framework/src/Illuminate/Pipeline/Pipeline.php:141
#24 /app/Http/Middleware/AdminPermissionMiddleware.php:23
#25 /vendor/laravel/framework/src/Illuminate/Pipeline/Pipeline.php:180
#26 /app/Http/Middleware/RedirectIfNotAdmin.php:30
#27 /vendor/laravel/framework/src/Illuminate/Pipeline/Pipeline.php:180
#28 /app/Http/Middleware/LanguageMiddleware.php:22
#29 /vendor/laravel/framework/src/Illuminate/Pipeline/Pipeline.php:180
#30 /vendor/laravel/framework/src/Illuminate/Routing/Middleware/SubstituteBindings.php:50
#31 /vendor/laravel/framework/src/Illuminate/Pipeline/Pipeline.php:180
#32 /vendor/laravel/framework/src/Illuminate/Foundation/Http/Middleware/VerifyCsrfToken.php:78
#33 /vendor/laravel/framework/src/Illuminate/Pipeline/Pipeline.php:180
#34 /vendor/laravel/framework/src/Illuminate/View/Middleware/ShareErrorsFromSession.php:49
#35 /vendor/laravel/framework/src/Illuminate/Pipeline/Pipeline.php:180
#36 /vendor/laravel/framework/src/Illuminate/Session/Middleware/StartSession.php:121
#37 /vendor/laravel/framework/src/Illuminate/Session/Middleware/StartSession.php:64
#38 /vendor/laravel/framework/src/Illuminate/Pipeline/Pipeline.php:180
#39 /vendor/laravel/framework/src/Illuminate/Cookie/Middleware/AddQueuedCookiesToResponse.php:37
#40 /vendor/laravel/framework/src/Illuminate/Pipeline/Pipeline.php:180
#41 /vendor/laravel/framework/src/Illuminate/Cookie/Middleware/EncryptCookies.php:67
#42 /vendor/laravel/framework/src/Illuminate/Pipeline/Pipeline.php:180
#43 /vendor/laramin/utility/src/Utility.php:14
#44 /vendor/laravel/framework/src/Illuminate/Pipeline/Pipeline.php:180
#45 /vendor/laravel/framework/src/Illuminate/Pipeline/Pipeline.php:116
#46 /vendor/laravel/framework/src/Illuminate/Routing/Router.php:797
#47 /vendor/laravel/framework/src/Illuminate/Routing/Router.php:776
#48 /vendor/laravel/framework/src/Illuminate/Routing/Router.php:740
#49 /vendor/laravel/framework/src/Illuminate/Routing/Router.php:729
  
[2024-05-18 19:46:07] production.INFO: Detected N+1 Query  
[2024-05-18 19:46:07] production.INFO: Model: App\Models\Room
Relation: roomStatus
Num-Called: 16
Call-Stack:
#18 /storage/framework/views/18b7953d69f1b7d4b82bc0ba345e5692a5e3f245.php:33
#20 /vendor/laravel/framework/src/Illuminate/Filesystem/Filesystem.php:110
#21 /vendor/laravel/framework/src/Illuminate/View/Engines/PhpEngine.php:58
#22 /vendor/laravel/framework/src/Illuminate/View/Engines/CompilerEngine.php:70
#23 /vendor/laravel/framework/src/Illuminate/View/View.php:195
#24 /vendor/laravel/framework/src/Illuminate/View/View.php:178
#25 /vendor/laravel/framework/src/Illuminate/View/View.php:147
#26 /app/Traits/BookingActions.php:35
#27 /app/Http/Controllers/Admin/BookRoomController.php:59
#28 /vendor/laravel/framework/src/Illuminate/Routing/Controller.php:54
#29 /vendor/laravel/framework/src/Illuminate/Routing/ControllerDispatcher.php:43
#30 /vendor/laravel/framework/src/Illuminate/Routing/Route.php:259
#31 /vendor/laravel/framework/src/Illuminate/Routing/Route.php:205
#32 /vendor/laravel/framework/src/Illuminate/Routing/Router.php:798
#33 /vendor/laravel/framework/src/Illuminate/Pipeline/Pipeline.php:141
#34 /app/Http/Middleware/AdminPermissionMiddleware.php:23
#35 /vendor/laravel/framework/src/Illuminate/Pipeline/Pipeline.php:180
#36 /app/Http/Middleware/RedirectIfNotAdmin.php:30
#37 /vendor/laravel/framework/src/Illuminate/Pipeline/Pipeline.php:180
#38 /app/Http/Middleware/LanguageMiddleware.php:22
#39 /vendor/laravel/framework/src/Illuminate/Pipeline/Pipeline.php:180
#40 /vendor/laravel/framework/src/Illuminate/Routing/Middleware/SubstituteBindings.php:50
#41 /vendor/laravel/framework/src/Illuminate/Pipeline/Pipeline.php:180
#42 /vendor/laravel/framework/src/Illuminate/Foundation/Http/Middleware/VerifyCsrfToken.php:78
#43 /vendor/laravel/framework/src/Illuminate/Pipeline/Pipeline.php:180
#44 /vendor/laravel/framework/src/Illuminate/View/Middleware/ShareErrorsFromSession.php:49
#45 /vendor/laravel/framework/src/Illuminate/Pipeline/Pipeline.php:180
#46 /vendor/laravel/framework/src/Illuminate/Session/Middleware/StartSession.php:121
#47 /vendor/laravel/framework/src/Illuminate/Session/Middleware/StartSession.php:64
#48 /vendor/laravel/framework/src/Illuminate/Pipeline/Pipeline.php:180
#49 /vendor/laravel/framework/src/Illuminate/Cookie/Middleware/AddQueuedCookiesToResponse.php:37
  
[2024-05-18 19:46:16] production.INFO: Detected N+1 Query  
[2024-05-18 19:46:16] production.INFO: Model: App\Models\Room
Relation: App\Models\BedType
Num-Called: 17
Call-Stack:
#19 /app/Http/Controllers/Admin/BookRoomController.php:185
#20 /vendor/laravel/framework/src/Illuminate/Routing/Controller.php:54
#21 /vendor/laravel/framework/src/Illuminate/Routing/ControllerDispatcher.php:43
#22 /vendor/laravel/framework/src/Illuminate/Routing/Route.php:259
#23 /vendor/laravel/framework/src/Illuminate/Routing/Route.php:205
#24 /vendor/laravel/framework/src/Illuminate/Routing/Router.php:798
#25 /vendor/laravel/framework/src/Illuminate/Pipeline/Pipeline.php:141
#26 /app/Http/Middleware/AdminPermissionMiddleware.php:23
#27 /vendor/laravel/framework/src/Illuminate/Pipeline/Pipeline.php:180
#28 /app/Http/Middleware/RedirectIfNotAdmin.php:30
#29 /vendor/laravel/framework/src/Illuminate/Pipeline/Pipeline.php:180
#30 /app/Http/Middleware/LanguageMiddleware.php:22
#31 /vendor/laravel/framework/src/Illuminate/Pipeline/Pipeline.php:180
#32 /vendor/laravel/framework/src/Illuminate/Routing/Middleware/SubstituteBindings.php:50
#33 /vendor/laravel/framework/src/Illuminate/Pipeline/Pipeline.php:180
#34 /vendor/laravel/framework/src/Illuminate/Foundation/Http/Middleware/VerifyCsrfToken.php:78
#35 /vendor/laravel/framework/src/Illuminate/Pipeline/Pipeline.php:180
#36 /vendor/laravel/framework/src/Illuminate/View/Middleware/ShareErrorsFromSession.php:49
#37 /vendor/laravel/framework/src/Illuminate/Pipeline/Pipeline.php:180
#38 /vendor/laravel/framework/src/Illuminate/Session/Middleware/StartSession.php:121
#39 /vendor/laravel/framework/src/Illuminate/Session/Middleware/StartSession.php:64
#40 /vendor/laravel/framework/src/Illuminate/Pipeline/Pipeline.php:180
#41 /vendor/laravel/framework/src/Illuminate/Cookie/Middleware/AddQueuedCookiesToResponse.php:37
#42 /vendor/laravel/framework/src/Illuminate/Pipeline/Pipeline.php:180
#43 /vendor/laravel/framework/src/Illuminate/Cookie/Middleware/EncryptCookies.php:67
#44 /vendor/laravel/framework/src/Illuminate/Pipeline/Pipeline.php:180
#45 /vendor/laramin/utility/src/Utility.php:14
#46 /vendor/laravel/framework/src/Illuminate/Pipeline/Pipeline.php:180
#47 /vendor/laravel/framework/src/Illuminate/Pipeline/Pipeline.php:116
#48 /vendor/laravel/framework/src/Illuminate/Routing/Router.php:797
#49 /vendor/laravel/framework/src/Illuminate/Routing/Router.php:776
  
[2024-05-18 19:46:16] production.INFO: Model: App\Models\BedType
Relation: App\Models\RoomType
Num-Called: 17
Call-Stack:
#24 /app/Http/Controllers/Admin/BookRoomController.php:185
#25 /vendor/laravel/framework/src/Illuminate/Routing/Controller.php:54
#26 /vendor/laravel/framework/src/Illuminate/Routing/ControllerDispatcher.php:43
#27 /vendor/laravel/framework/src/Illuminate/Routing/Route.php:259
#28 /vendor/laravel/framework/src/Illuminate/Routing/Route.php:205
#29 /vendor/laravel/framework/src/Illuminate/Routing/Router.php:798
#30 /vendor/laravel/framework/src/Illuminate/Pipeline/Pipeline.php:141
#31 /app/Http/Middleware/AdminPermissionMiddleware.php:23
#32 /vendor/laravel/framework/src/Illuminate/Pipeline/Pipeline.php:180
#33 /app/Http/Middleware/RedirectIfNotAdmin.php:30
#34 /vendor/laravel/framework/src/Illuminate/Pipeline/Pipeline.php:180
#35 /app/Http/Middleware/LanguageMiddleware.php:22
#36 /vendor/laravel/framework/src/Illuminate/Pipeline/Pipeline.php:180
#37 /vendor/laravel/framework/src/Illuminate/Routing/Middleware/SubstituteBindings.php:50
#38 /vendor/laravel/framework/src/Illuminate/Pipeline/Pipeline.php:180
#39 /vendor/laravel/framework/src/Illuminate/Foundation/Http/Middleware/VerifyCsrfToken.php:78
#40 /vendor/laravel/framework/src/Illuminate/Pipeline/Pipeline.php:180
#41 /vendor/laravel/framework/src/Illuminate/View/Middleware/ShareErrorsFromSession.php:49
#42 /vendor/laravel/framework/src/Illuminate/Pipeline/Pipeline.php:180
#43 /vendor/laravel/framework/src/Illuminate/Session/Middleware/StartSession.php:121
#44 /vendor/laravel/framework/src/Illuminate/Session/Middleware/StartSession.php:64
#45 /vendor/laravel/framework/src/Illuminate/Pipeline/Pipeline.php:180
#46 /vendor/laravel/framework/src/Illuminate/Cookie/Middleware/AddQueuedCookiesToResponse.php:37
#47 /vendor/laravel/framework/src/Illuminate/Pipeline/Pipeline.php:180
#48 /vendor/laravel/framework/src/Illuminate/Cookie/Middleware/EncryptCookies.php:67
#49 /vendor/laravel/framework/src/Illuminate/Pipeline/Pipeline.php:180
  
[2024-05-18 19:47:42] production.INFO: Detected N+1 Query  
[2024-05-18 19:47:42] production.INFO: Model: App\Models\BedType
Relation: roomType
Num-Called: 3
Call-Stack:
#18 /storage/framework/views/d36e0bdad075dd745332d16478b9ae7814c8bfa2.php:30
#20 /vendor/laravel/framework/src/Illuminate/Filesystem/Filesystem.php:110
#21 /vendor/laravel/framework/src/Illuminate/View/Engines/PhpEngine.php:58
#22 /vendor/laravel/framework/src/Illuminate/View/Engines/CompilerEngine.php:70
#23 /vendor/laravel/framework/src/Illuminate/View/View.php:195
#24 /vendor/laravel/framework/src/Illuminate/View/View.php:178
#25 /vendor/laravel/framework/src/Illuminate/View/View.php:147
#26 /vendor/laravel/framework/src/Illuminate/Http/Response.php:69
#27 /vendor/laravel/framework/src/Illuminate/Http/Response.php:35
#28 /vendor/laravel/framework/src/Illuminate/Routing/Router.php:906
#29 /vendor/laravel/framework/src/Illuminate/Routing/Router.php:875
#30 /vendor/laravel/framework/src/Illuminate/Routing/Router.php:797
#31 /vendor/laravel/framework/src/Illuminate/Pipeline/Pipeline.php:141
#32 /app/Http/Middleware/AdminPermissionMiddleware.php:23
#33 /vendor/laravel/framework/src/Illuminate/Pipeline/Pipeline.php:180
#34 /app/Http/Middleware/RedirectIfNotAdmin.php:30
#35 /vendor/laravel/framework/src/Illuminate/Pipeline/Pipeline.php:180
#36 /app/Http/Middleware/LanguageMiddleware.php:22
#37 /vendor/laravel/framework/src/Illuminate/Pipeline/Pipeline.php:180
#38 /vendor/laravel/framework/src/Illuminate/Routing/Middleware/SubstituteBindings.php:50
#39 /vendor/laravel/framework/src/Illuminate/Pipeline/Pipeline.php:180
#40 /vendor/laravel/framework/src/Illuminate/Foundation/Http/Middleware/VerifyCsrfToken.php:78
#41 /vendor/laravel/framework/src/Illuminate/Pipeline/Pipeline.php:180
#42 /vendor/laravel/framework/src/Illuminate/View/Middleware/ShareErrorsFromSession.php:49
#43 /vendor/laravel/framework/src/Illuminate/Pipeline/Pipeline.php:180
#44 /vendor/laravel/framework/src/Illuminate/Session/Middleware/StartSession.php:121
#45 /vendor/laravel/framework/src/Illuminate/Session/Middleware/StartSession.php:64
#46 /vendor/laravel/framework/src/Illuminate/Pipeline/Pipeline.php:180
#47 /vendor/laravel/framework/src/Illuminate/Cookie/Middleware/AddQueuedCookiesToResponse.php:37
#48 /vendor/laravel/framework/src/Illuminate/Pipeline/Pipeline.php:180
#49 /vendor/laravel/framework/src/Illuminate/Cookie/Middleware/EncryptCookies.php:67
  
[2024-05-18 19:47:42] production.INFO: Model: App\Models\RoomItemInspection
Relation: bed
Num-Called: 4
Call-Stack:
#18 /storage/framework/views/d36e0bdad075dd745332d16478b9ae7814c8bfa2.php:31
#20 /vendor/laravel/framework/src/Illuminate/Filesystem/Filesystem.php:110
#21 /vendor/laravel/framework/src/Illuminate/View/Engines/PhpEngine.php:58
#22 /vendor/laravel/framework/src/Illuminate/View/Engines/CompilerEngine.php:70
#23 /vendor/laravel/framework/src/Illuminate/View/View.php:195
#24 /vendor/laravel/framework/src/Illuminate/View/View.php:178
#25 /vendor/laravel/framework/src/Illuminate/View/View.php:147
#26 /vendor/laravel/framework/src/Illuminate/Http/Response.php:69
#27 /vendor/laravel/framework/src/Illuminate/Http/Response.php:35
#28 /vendor/laravel/framework/src/Illuminate/Routing/Router.php:906
#29 /vendor/laravel/framework/src/Illuminate/Routing/Router.php:875
#30 /vendor/laravel/framework/src/Illuminate/Routing/Router.php:797
#31 /vendor/laravel/framework/src/Illuminate/Pipeline/Pipeline.php:141
#32 /app/Http/Middleware/AdminPermissionMiddleware.php:23
#33 /vendor/laravel/framework/src/Illuminate/Pipeline/Pipeline.php:180
#34 /app/Http/Middleware/RedirectIfNotAdmin.php:30
#35 /vendor/laravel/framework/src/Illuminate/Pipeline/Pipeline.php:180
#36 /app/Http/Middleware/LanguageMiddleware.php:22
#37 /vendor/laravel/framework/src/Illuminate/Pipeline/Pipeline.php:180
#38 /vendor/laravel/framework/src/Illuminate/Routing/Middleware/SubstituteBindings.php:50
#39 /vendor/laravel/framework/src/Illuminate/Pipeline/Pipeline.php:180
#40 /vendor/laravel/framework/src/Illuminate/Foundation/Http/Middleware/VerifyCsrfToken.php:78
#41 /vendor/laravel/framework/src/Illuminate/Pipeline/Pipeline.php:180
#42 /vendor/laravel/framework/src/Illuminate/View/Middleware/ShareErrorsFromSession.php:49
#43 /vendor/laravel/framework/src/Illuminate/Pipeline/Pipeline.php:180
#44 /vendor/laravel/framework/src/Illuminate/Session/Middleware/StartSession.php:121
#45 /vendor/laravel/framework/src/Illuminate/Session/Middleware/StartSession.php:64
#46 /vendor/laravel/framework/src/Illuminate/Pipeline/Pipeline.php:180
#47 /vendor/laravel/framework/src/Illuminate/Cookie/Middleware/AddQueuedCookiesToResponse.php:37
#48 /vendor/laravel/framework/src/Illuminate/Pipeline/Pipeline.php:180
#49 /vendor/laravel/framework/src/Illuminate/Cookie/Middleware/EncryptCookies.php:67
  
[2024-05-18 19:58:42] production.INFO: Detected N+1 Query  
[2024-05-18 19:58:42] production.INFO: Model: App\Models\Room
Relation: roomStatus
Num-Called: 15
Call-Stack:
#18 /storage/framework/views/18b7953d69f1b7d4b82bc0ba345e5692a5e3f245.php:33
#20 /vendor/laravel/framework/src/Illuminate/Filesystem/Filesystem.php:110
#21 /vendor/laravel/framework/src/Illuminate/View/Engines/PhpEngine.php:58
#22 /vendor/laravel/framework/src/Illuminate/View/Engines/CompilerEngine.php:70
#23 /vendor/laravel/framework/src/Illuminate/View/View.php:195
#24 /vendor/laravel/framework/src/Illuminate/View/View.php:178
#25 /vendor/laravel/framework/src/Illuminate/View/View.php:147
#26 /app/Traits/BookingActions.php:35
#27 /app/Http/Controllers/Admin/BookRoomController.php:59
#28 /vendor/laravel/framework/src/Illuminate/Routing/Controller.php:54
#29 /vendor/laravel/framework/src/Illuminate/Routing/ControllerDispatcher.php:43
#30 /vendor/laravel/framework/src/Illuminate/Routing/Route.php:259
#31 /vendor/laravel/framework/src/Illuminate/Routing/Route.php:205
#32 /vendor/laravel/framework/src/Illuminate/Routing/Router.php:798
#33 /vendor/laravel/framework/src/Illuminate/Pipeline/Pipeline.php:141
#34 /app/Http/Middleware/AdminPermissionMiddleware.php:23
#35 /vendor/laravel/framework/src/Illuminate/Pipeline/Pipeline.php:180
#36 /app/Http/Middleware/RedirectIfNotAdmin.php:30
#37 /vendor/laravel/framework/src/Illuminate/Pipeline/Pipeline.php:180
#38 /app/Http/Middleware/LanguageMiddleware.php:22
#39 /vendor/laravel/framework/src/Illuminate/Pipeline/Pipeline.php:180
#40 /vendor/laravel/framework/src/Illuminate/Routing/Middleware/SubstituteBindings.php:50
#41 /vendor/laravel/framework/src/Illuminate/Pipeline/Pipeline.php:180
#42 /vendor/laravel/framework/src/Illuminate/Foundation/Http/Middleware/VerifyCsrfToken.php:78
#43 /vendor/laravel/framework/src/Illuminate/Pipeline/Pipeline.php:180
#44 /vendor/laravel/framework/src/Illuminate/View/Middleware/ShareErrorsFromSession.php:49
#45 /vendor/laravel/framework/src/Illuminate/Pipeline/Pipeline.php:180
#46 /vendor/laravel/framework/src/Illuminate/Session/Middleware/StartSession.php:121
#47 /vendor/laravel/framework/src/Illuminate/Session/Middleware/StartSession.php:64
#48 /vendor/laravel/framework/src/Illuminate/Pipeline/Pipeline.php:180
#49 /vendor/laravel/framework/src/Illuminate/Cookie/Middleware/AddQueuedCookiesToResponse.php:37
  
