[2024-05-25 02:35:05] production.INFO: Detected N+1 Query  
[2024-05-25 02:35:05] production.INFO: Model: App\Models\BedType
Relation: App\Models\Room
Num-Called: 39
Call-Stack:
#13 /app/Http/Controllers/Admin/AdminController.php:149
#14 /vendor/laravel/framework/src/Illuminate/Routing/Controller.php:54
#15 /vendor/laravel/framework/src/Illuminate/Routing/ControllerDispatcher.php:43
#16 /vendor/laravel/framework/src/Illuminate/Routing/Route.php:259
#17 /vendor/laravel/framework/src/Illuminate/Routing/Route.php:205
#18 /vendor/laravel/framework/src/Illuminate/Routing/Router.php:798
#19 /vendor/laravel/framework/src/Illuminate/Pipeline/Pipeline.php:141
#20 /app/Http/Middleware/AdminPermissionMiddleware.php:23
#21 /vendor/laravel/framework/src/Illuminate/Pipeline/Pipeline.php:180
#22 /app/Http/Middleware/RedirectIfNotAdmin.php:30
#23 /vendor/laravel/framework/src/Illuminate/Pipeline/Pipeline.php:180
#24 /app/Http/Middleware/LanguageMiddleware.php:22
#25 /vendor/laravel/framework/src/Illuminate/Pipeline/Pipeline.php:180
#26 /vendor/laravel/framework/src/Illuminate/Routing/Middleware/SubstituteBindings.php:50
#27 /vendor/laravel/framework/src/Illuminate/Pipeline/Pipeline.php:180
#28 /vendor/laravel/framework/src/Illuminate/Foundation/Http/Middleware/VerifyCsrfToken.php:78
#29 /vendor/laravel/framework/src/Illuminate/Pipeline/Pipeline.php:180
#30 /vendor/laravel/framework/src/Illuminate/View/Middleware/ShareErrorsFromSession.php:49
#31 /vendor/laravel/framework/src/Illuminate/Pipeline/Pipeline.php:180
#32 /vendor/laravel/framework/src/Illuminate/Session/Middleware/StartSession.php:121
#33 /vendor/laravel/framework/src/Illuminate/Session/Middleware/StartSession.php:64
#34 /vendor/laravel/framework/src/Illuminate/Pipeline/Pipeline.php:180
#35 /vendor/laravel/framework/src/Illuminate/Cookie/Middleware/AddQueuedCookiesToResponse.php:37
#36 /vendor/laravel/framework/src/Illuminate/Pipeline/Pipeline.php:180
#37 /vendor/laravel/framework/src/Illuminate/Cookie/Middleware/EncryptCookies.php:67
#38 /vendor/laravel/framework/src/Illuminate/Pipeline/Pipeline.php:180
#39 /vendor/laramin/utility/src/Utility.php:14
#40 /vendor/laravel/framework/src/Illuminate/Pipeline/Pipeline.php:180
#41 /vendor/laravel/framework/src/Illuminate/Pipeline/Pipeline.php:116
#42 /vendor/laravel/framework/src/Illuminate/Routing/Router.php:797
#43 /vendor/laravel/framework/src/Illuminate/Routing/Router.php:776
#44 /vendor/laravel/framework/src/Illuminate/Routing/Router.php:740
#45 /vendor/laravel/framework/src/Illuminate/Routing/Router.php:729
#46 /vendor/laravel/framework/src/Illuminate/Foundation/Http/Kernel.php:190
#47 /vendor/laravel/framework/src/Illuminate/Pipeline/Pipeline.php:141
#48 /vendor/beyondcode/laravel-query-detector/src/QueryDetectorMiddleware.php:33
#49 /vendor/laravel/framework/src/Illuminate/Pipeline/Pipeline.php:180
  
[2024-05-25 02:54:03] production.INFO: Detected N+1 Query  
[2024-05-25 02:54:03] production.INFO: Model: App\Models\BedType
Relation: App\Models\Room
Num-Called: 39
Call-Stack:
#13 /app/Http/Controllers/Admin/AdminController.php:149
#14 /vendor/laravel/framework/src/Illuminate/Routing/Controller.php:54
#15 /vendor/laravel/framework/src/Illuminate/Routing/ControllerDispatcher.php:43
#16 /vendor/laravel/framework/src/Illuminate/Routing/Route.php:259
#17 /vendor/laravel/framework/src/Illuminate/Routing/Route.php:205
#18 /vendor/laravel/framework/src/Illuminate/Routing/Router.php:798
#19 /vendor/laravel/framework/src/Illuminate/Pipeline/Pipeline.php:141
#20 /app/Http/Middleware/AdminPermissionMiddleware.php:23
#21 /vendor/laravel/framework/src/Illuminate/Pipeline/Pipeline.php:180
#22 /app/Http/Middleware/RedirectIfNotAdmin.php:30
#23 /vendor/laravel/framework/src/Illuminate/Pipeline/Pipeline.php:180
#24 /app/Http/Middleware/LanguageMiddleware.php:22
#25 /vendor/laravel/framework/src/Illuminate/Pipeline/Pipeline.php:180
#26 /vendor/laravel/framework/src/Illuminate/Routing/Middleware/SubstituteBindings.php:50
#27 /vendor/laravel/framework/src/Illuminate/Pipeline/Pipeline.php:180
#28 /vendor/laravel/framework/src/Illuminate/Foundation/Http/Middleware/VerifyCsrfToken.php:78
#29 /vendor/laravel/framework/src/Illuminate/Pipeline/Pipeline.php:180
#30 /vendor/laravel/framework/src/Illuminate/View/Middleware/ShareErrorsFromSession.php:49
#31 /vendor/laravel/framework/src/Illuminate/Pipeline/Pipeline.php:180
#32 /vendor/laravel/framework/src/Illuminate/Session/Middleware/StartSession.php:121
#33 /vendor/laravel/framework/src/Illuminate/Session/Middleware/StartSession.php:64
#34 /vendor/laravel/framework/src/Illuminate/Pipeline/Pipeline.php:180
#35 /vendor/laravel/framework/src/Illuminate/Cookie/Middleware/AddQueuedCookiesToResponse.php:37
#36 /vendor/laravel/framework/src/Illuminate/Pipeline/Pipeline.php:180
#37 /vendor/laravel/framework/src/Illuminate/Cookie/Middleware/EncryptCookies.php:67
#38 /vendor/laravel/framework/src/Illuminate/Pipeline/Pipeline.php:180
#39 /vendor/laramin/utility/src/Utility.php:14
#40 /vendor/laravel/framework/src/Illuminate/Pipeline/Pipeline.php:180
#41 /vendor/laravel/framework/src/Illuminate/Pipeline/Pipeline.php:116
#42 /vendor/laravel/framework/src/Illuminate/Routing/Router.php:797
#43 /vendor/laravel/framework/src/Illuminate/Routing/Router.php:776
#44 /vendor/laravel/framework/src/Illuminate/Routing/Router.php:740
#45 /vendor/laravel/framework/src/Illuminate/Routing/Router.php:729
#46 /vendor/laravel/framework/src/Illuminate/Foundation/Http/Kernel.php:190
#47 /vendor/laravel/framework/src/Illuminate/Pipeline/Pipeline.php:141
#48 /vendor/beyondcode/laravel-query-detector/src/QueryDetectorMiddleware.php:33
#49 /vendor/laravel/framework/src/Illuminate/Pipeline/Pipeline.php:180
  
[2024-05-25 02:54:07] production.INFO: Detected N+1 Query  
[2024-05-25 02:54:07] production.INFO: Model: App\Models\BedType
Relation: App\Models\Room
Num-Called: 39
Call-Stack:
#13 /app/Http/Controllers/Admin/AdminController.php:149
#14 /vendor/laravel/framework/src/Illuminate/Routing/Controller.php:54
#15 /vendor/laravel/framework/src/Illuminate/Routing/ControllerDispatcher.php:43
#16 /vendor/laravel/framework/src/Illuminate/Routing/Route.php:259
#17 /vendor/laravel/framework/src/Illuminate/Routing/Route.php:205
#18 /vendor/laravel/framework/src/Illuminate/Routing/Router.php:798
#19 /vendor/laravel/framework/src/Illuminate/Pipeline/Pipeline.php:141
#20 /app/Http/Middleware/AdminPermissionMiddleware.php:23
#21 /vendor/laravel/framework/src/Illuminate/Pipeline/Pipeline.php:180
#22 /app/Http/Middleware/RedirectIfNotAdmin.php:30
#23 /vendor/laravel/framework/src/Illuminate/Pipeline/Pipeline.php:180
#24 /app/Http/Middleware/LanguageMiddleware.php:22
#25 /vendor/laravel/framework/src/Illuminate/Pipeline/Pipeline.php:180
#26 /vendor/laravel/framework/src/Illuminate/Routing/Middleware/SubstituteBindings.php:50
#27 /vendor/laravel/framework/src/Illuminate/Pipeline/Pipeline.php:180
#28 /vendor/laravel/framework/src/Illuminate/Foundation/Http/Middleware/VerifyCsrfToken.php:78
#29 /vendor/laravel/framework/src/Illuminate/Pipeline/Pipeline.php:180
#30 /vendor/laravel/framework/src/Illuminate/View/Middleware/ShareErrorsFromSession.php:49
#31 /vendor/laravel/framework/src/Illuminate/Pipeline/Pipeline.php:180
#32 /vendor/laravel/framework/src/Illuminate/Session/Middleware/StartSession.php:121
#33 /vendor/laravel/framework/src/Illuminate/Session/Middleware/StartSession.php:64
#34 /vendor/laravel/framework/src/Illuminate/Pipeline/Pipeline.php:180
#35 /vendor/laravel/framework/src/Illuminate/Cookie/Middleware/AddQueuedCookiesToResponse.php:37
#36 /vendor/laravel/framework/src/Illuminate/Pipeline/Pipeline.php:180
#37 /vendor/laravel/framework/src/Illuminate/Cookie/Middleware/EncryptCookies.php:67
#38 /vendor/laravel/framework/src/Illuminate/Pipeline/Pipeline.php:180
#39 /vendor/laramin/utility/src/Utility.php:14
#40 /vendor/laravel/framework/src/Illuminate/Pipeline/Pipeline.php:180
#41 /vendor/laravel/framework/src/Illuminate/Pipeline/Pipeline.php:116
#42 /vendor/laravel/framework/src/Illuminate/Routing/Router.php:797
#43 /vendor/laravel/framework/src/Illuminate/Routing/Router.php:776
#44 /vendor/laravel/framework/src/Illuminate/Routing/Router.php:740
#45 /vendor/laravel/framework/src/Illuminate/Routing/Router.php:729
#46 /vendor/laravel/framework/src/Illuminate/Foundation/Http/Kernel.php:190
#47 /vendor/laravel/framework/src/Illuminate/Pipeline/Pipeline.php:141
#48 /vendor/beyondcode/laravel-query-detector/src/QueryDetectorMiddleware.php:33
#49 /vendor/laravel/framework/src/Illuminate/Pipeline/Pipeline.php:180
  
[2024-05-25 02:54:10] production.INFO: Detected N+1 Query  
[2024-05-25 02:54:10] production.INFO: Model: App\Models\BedType
Relation: App\Models\Room
Num-Called: 18
Call-Stack:
#13 /app/Http/Controllers/Admin/AdminController.php:149
#14 /vendor/laravel/framework/src/Illuminate/Routing/Controller.php:54
#15 /vendor/laravel/framework/src/Illuminate/Routing/ControllerDispatcher.php:43
#16 /vendor/laravel/framework/src/Illuminate/Routing/Route.php:259
#17 /vendor/laravel/framework/src/Illuminate/Routing/Route.php:205
#18 /vendor/laravel/framework/src/Illuminate/Routing/Router.php:798
#19 /vendor/laravel/framework/src/Illuminate/Pipeline/Pipeline.php:141
#20 /app/Http/Middleware/AdminPermissionMiddleware.php:23
#21 /vendor/laravel/framework/src/Illuminate/Pipeline/Pipeline.php:180
#22 /app/Http/Middleware/RedirectIfNotAdmin.php:30
#23 /vendor/laravel/framework/src/Illuminate/Pipeline/Pipeline.php:180
#24 /app/Http/Middleware/LanguageMiddleware.php:22
#25 /vendor/laravel/framework/src/Illuminate/Pipeline/Pipeline.php:180
#26 /vendor/laravel/framework/src/Illuminate/Routing/Middleware/SubstituteBindings.php:50
#27 /vendor/laravel/framework/src/Illuminate/Pipeline/Pipeline.php:180
#28 /vendor/laravel/framework/src/Illuminate/Foundation/Http/Middleware/VerifyCsrfToken.php:78
#29 /vendor/laravel/framework/src/Illuminate/Pipeline/Pipeline.php:180
#30 /vendor/laravel/framework/src/Illuminate/View/Middleware/ShareErrorsFromSession.php:49
#31 /vendor/laravel/framework/src/Illuminate/Pipeline/Pipeline.php:180
#32 /vendor/laravel/framework/src/Illuminate/Session/Middleware/StartSession.php:121
#33 /vendor/laravel/framework/src/Illuminate/Session/Middleware/StartSession.php:64
#34 /vendor/laravel/framework/src/Illuminate/Pipeline/Pipeline.php:180
#35 /vendor/laravel/framework/src/Illuminate/Cookie/Middleware/AddQueuedCookiesToResponse.php:37
#36 /vendor/laravel/framework/src/Illuminate/Pipeline/Pipeline.php:180
#37 /vendor/laravel/framework/src/Illuminate/Cookie/Middleware/EncryptCookies.php:67
#38 /vendor/laravel/framework/src/Illuminate/Pipeline/Pipeline.php:180
#39 /vendor/laramin/utility/src/Utility.php:14
#40 /vendor/laravel/framework/src/Illuminate/Pipeline/Pipeline.php:180
#41 /vendor/laravel/framework/src/Illuminate/Pipeline/Pipeline.php:116
#42 /vendor/laravel/framework/src/Illuminate/Routing/Router.php:797
#43 /vendor/laravel/framework/src/Illuminate/Routing/Router.php:776
#44 /vendor/laravel/framework/src/Illuminate/Routing/Router.php:740
#45 /vendor/laravel/framework/src/Illuminate/Routing/Router.php:729
#46 /vendor/laravel/framework/src/Illuminate/Foundation/Http/Kernel.php:190
#47 /vendor/laravel/framework/src/Illuminate/Pipeline/Pipeline.php:141
#48 /vendor/beyondcode/laravel-query-detector/src/QueryDetectorMiddleware.php:33
#49 /vendor/laravel/framework/src/Illuminate/Pipeline/Pipeline.php:180
  
[2024-05-25 20:34:58] production.INFO: Detected N+1 Query  
[2024-05-25 20:34:58] production.INFO: Model: App\Models\BedType
Relation: App\Models\Room
Num-Called: 18
Call-Stack:
#13 /app/Http/Controllers/Admin/AdminController.php:149
#14 /vendor/laravel/framework/src/Illuminate/Routing/Controller.php:54
#15 /vendor/laravel/framework/src/Illuminate/Routing/ControllerDispatcher.php:43
#16 /vendor/laravel/framework/src/Illuminate/Routing/Route.php:259
#17 /vendor/laravel/framework/src/Illuminate/Routing/Route.php:205
#18 /vendor/laravel/framework/src/Illuminate/Routing/Router.php:798
#19 /vendor/laravel/framework/src/Illuminate/Pipeline/Pipeline.php:141
#20 /app/Http/Middleware/AdminPermissionMiddleware.php:23
#21 /vendor/laravel/framework/src/Illuminate/Pipeline/Pipeline.php:180
#22 /app/Http/Middleware/RedirectIfNotAdmin.php:30
#23 /vendor/laravel/framework/src/Illuminate/Pipeline/Pipeline.php:180
#24 /app/Http/Middleware/LanguageMiddleware.php:22
#25 /vendor/laravel/framework/src/Illuminate/Pipeline/Pipeline.php:180
#26 /vendor/laravel/framework/src/Illuminate/Routing/Middleware/SubstituteBindings.php:50
#27 /vendor/laravel/framework/src/Illuminate/Pipeline/Pipeline.php:180
#28 /vendor/laravel/framework/src/Illuminate/Foundation/Http/Middleware/VerifyCsrfToken.php:78
#29 /vendor/laravel/framework/src/Illuminate/Pipeline/Pipeline.php:180
#30 /vendor/laravel/framework/src/Illuminate/View/Middleware/ShareErrorsFromSession.php:49
#31 /vendor/laravel/framework/src/Illuminate/Pipeline/Pipeline.php:180
#32 /vendor/laravel/framework/src/Illuminate/Session/Middleware/StartSession.php:121
#33 /vendor/laravel/framework/src/Illuminate/Session/Middleware/StartSession.php:64
#34 /vendor/laravel/framework/src/Illuminate/Pipeline/Pipeline.php:180
#35 /vendor/laravel/framework/src/Illuminate/Cookie/Middleware/AddQueuedCookiesToResponse.php:37
#36 /vendor/laravel/framework/src/Illuminate/Pipeline/Pipeline.php:180
#37 /vendor/laravel/framework/src/Illuminate/Cookie/Middleware/EncryptCookies.php:67
#38 /vendor/laravel/framework/src/Illuminate/Pipeline/Pipeline.php:180
#39 /vendor/laramin/utility/src/Utility.php:14
#40 /vendor/laravel/framework/src/Illuminate/Pipeline/Pipeline.php:180
#41 /vendor/laravel/framework/src/Illuminate/Pipeline/Pipeline.php:116
#42 /vendor/laravel/framework/src/Illuminate/Routing/Router.php:797
#43 /vendor/laravel/framework/src/Illuminate/Routing/Router.php:776
#44 /vendor/laravel/framework/src/Illuminate/Routing/Router.php:740
#45 /vendor/laravel/framework/src/Illuminate/Routing/Router.php:729
#46 /vendor/laravel/framework/src/Illuminate/Foundation/Http/Kernel.php:190
#47 /vendor/laravel/framework/src/Illuminate/Pipeline/Pipeline.php:141
#48 /vendor/beyondcode/laravel-query-detector/src/QueryDetectorMiddleware.php:33
#49 /vendor/laravel/framework/src/Illuminate/Pipeline/Pipeline.php:180
  
[2024-05-25 20:35:54] production.INFO: Detected N+1 Query  
[2024-05-25 20:35:54] production.INFO: Model: App\Models\BedType
Relation: App\Models\Room
Num-Called: 18
Call-Stack:
#13 /app/Http/Controllers/Admin/AdminController.php:149
#14 /vendor/laravel/framework/src/Illuminate/Routing/Controller.php:54
#15 /vendor/laravel/framework/src/Illuminate/Routing/ControllerDispatcher.php:43
#16 /vendor/laravel/framework/src/Illuminate/Routing/Route.php:259
#17 /vendor/laravel/framework/src/Illuminate/Routing/Route.php:205
#18 /vendor/laravel/framework/src/Illuminate/Routing/Router.php:798
#19 /vendor/laravel/framework/src/Illuminate/Pipeline/Pipeline.php:141
#20 /app/Http/Middleware/AdminPermissionMiddleware.php:23
#21 /vendor/laravel/framework/src/Illuminate/Pipeline/Pipeline.php:180
#22 /app/Http/Middleware/RedirectIfNotAdmin.php:30
#23 /vendor/laravel/framework/src/Illuminate/Pipeline/Pipeline.php:180
#24 /app/Http/Middleware/LanguageMiddleware.php:22
#25 /vendor/laravel/framework/src/Illuminate/Pipeline/Pipeline.php:180
#26 /vendor/laravel/framework/src/Illuminate/Routing/Middleware/SubstituteBindings.php:50
#27 /vendor/laravel/framework/src/Illuminate/Pipeline/Pipeline.php:180
#28 /vendor/laravel/framework/src/Illuminate/Foundation/Http/Middleware/VerifyCsrfToken.php:78
#29 /vendor/laravel/framework/src/Illuminate/Pipeline/Pipeline.php:180
#30 /vendor/laravel/framework/src/Illuminate/View/Middleware/ShareErrorsFromSession.php:49
#31 /vendor/laravel/framework/src/Illuminate/Pipeline/Pipeline.php:180
#32 /vendor/laravel/framework/src/Illuminate/Session/Middleware/StartSession.php:121
#33 /vendor/laravel/framework/src/Illuminate/Session/Middleware/StartSession.php:64
#34 /vendor/laravel/framework/src/Illuminate/Pipeline/Pipeline.php:180
#35 /vendor/laravel/framework/src/Illuminate/Cookie/Middleware/AddQueuedCookiesToResponse.php:37
#36 /vendor/laravel/framework/src/Illuminate/Pipeline/Pipeline.php:180
#37 /vendor/laravel/framework/src/Illuminate/Cookie/Middleware/EncryptCookies.php:67
#38 /vendor/laravel/framework/src/Illuminate/Pipeline/Pipeline.php:180
#39 /vendor/laramin/utility/src/Utility.php:14
#40 /vendor/laravel/framework/src/Illuminate/Pipeline/Pipeline.php:180
#41 /vendor/laravel/framework/src/Illuminate/Pipeline/Pipeline.php:116
#42 /vendor/laravel/framework/src/Illuminate/Routing/Router.php:797
#43 /vendor/laravel/framework/src/Illuminate/Routing/Router.php:776
#44 /vendor/laravel/framework/src/Illuminate/Routing/Router.php:740
#45 /vendor/laravel/framework/src/Illuminate/Routing/Router.php:729
#46 /vendor/laravel/framework/src/Illuminate/Foundation/Http/Kernel.php:190
#47 /vendor/laravel/framework/src/Illuminate/Pipeline/Pipeline.php:141
#48 /vendor/beyondcode/laravel-query-detector/src/QueryDetectorMiddleware.php:33
#49 /vendor/laravel/framework/src/Illuminate/Pipeline/Pipeline.php:180
  
[2024-05-25 20:36:27] production.INFO: Detected N+1 Query  
[2024-05-25 20:36:27] production.INFO: Model: App\Models\BedType
Relation: App\Models\Room
Num-Called: 18
Call-Stack:
#13 /app/Http/Controllers/Admin/AdminController.php:149
#14 /vendor/laravel/framework/src/Illuminate/Routing/Controller.php:54
#15 /vendor/laravel/framework/src/Illuminate/Routing/ControllerDispatcher.php:43
#16 /vendor/laravel/framework/src/Illuminate/Routing/Route.php:259
#17 /vendor/laravel/framework/src/Illuminate/Routing/Route.php:205
#18 /vendor/laravel/framework/src/Illuminate/Routing/Router.php:798
#19 /vendor/laravel/framework/src/Illuminate/Pipeline/Pipeline.php:141
#20 /app/Http/Middleware/AdminPermissionMiddleware.php:23
#21 /vendor/laravel/framework/src/Illuminate/Pipeline/Pipeline.php:180
#22 /app/Http/Middleware/RedirectIfNotAdmin.php:30
#23 /vendor/laravel/framework/src/Illuminate/Pipeline/Pipeline.php:180
#24 /app/Http/Middleware/LanguageMiddleware.php:22
#25 /vendor/laravel/framework/src/Illuminate/Pipeline/Pipeline.php:180
#26 /vendor/laravel/framework/src/Illuminate/Routing/Middleware/SubstituteBindings.php:50
#27 /vendor/laravel/framework/src/Illuminate/Pipeline/Pipeline.php:180
#28 /vendor/laravel/framework/src/Illuminate/Foundation/Http/Middleware/VerifyCsrfToken.php:78
#29 /vendor/laravel/framework/src/Illuminate/Pipeline/Pipeline.php:180
#30 /vendor/laravel/framework/src/Illuminate/View/Middleware/ShareErrorsFromSession.php:49
#31 /vendor/laravel/framework/src/Illuminate/Pipeline/Pipeline.php:180
#32 /vendor/laravel/framework/src/Illuminate/Session/Middleware/StartSession.php:121
#33 /vendor/laravel/framework/src/Illuminate/Session/Middleware/StartSession.php:64
#34 /vendor/laravel/framework/src/Illuminate/Pipeline/Pipeline.php:180
#35 /vendor/laravel/framework/src/Illuminate/Cookie/Middleware/AddQueuedCookiesToResponse.php:37
#36 /vendor/laravel/framework/src/Illuminate/Pipeline/Pipeline.php:180
#37 /vendor/laravel/framework/src/Illuminate/Cookie/Middleware/EncryptCookies.php:67
#38 /vendor/laravel/framework/src/Illuminate/Pipeline/Pipeline.php:180
#39 /vendor/laramin/utility/src/Utility.php:14
#40 /vendor/laravel/framework/src/Illuminate/Pipeline/Pipeline.php:180
#41 /vendor/laravel/framework/src/Illuminate/Pipeline/Pipeline.php:116
#42 /vendor/laravel/framework/src/Illuminate/Routing/Router.php:797
#43 /vendor/laravel/framework/src/Illuminate/Routing/Router.php:776
#44 /vendor/laravel/framework/src/Illuminate/Routing/Router.php:740
#45 /vendor/laravel/framework/src/Illuminate/Routing/Router.php:729
#46 /vendor/laravel/framework/src/Illuminate/Foundation/Http/Kernel.php:190
#47 /vendor/laravel/framework/src/Illuminate/Pipeline/Pipeline.php:141
#48 /vendor/beyondcode/laravel-query-detector/src/QueryDetectorMiddleware.php:33
#49 /vendor/laravel/framework/src/Illuminate/Pipeline/Pipeline.php:180
  
[2024-05-25 20:36:36] production.INFO: Detected N+1 Query  
[2024-05-25 20:36:36] production.INFO: Model: App\Models\FoundBy
Relation: user
Num-Called: 2
Call-Stack:
#18 /storage/framework/views/912ee5ba73544271ee351f376b28fba5e15a4441.php:84
#20 /vendor/laravel/framework/src/Illuminate/Filesystem/Filesystem.php:110
#21 /vendor/laravel/framework/src/Illuminate/View/Engines/PhpEngine.php:58
#22 /vendor/laravel/framework/src/Illuminate/View/Engines/CompilerEngine.php:70
#23 /vendor/laravel/framework/src/Illuminate/View/View.php:195
#24 /vendor/laravel/framework/src/Illuminate/View/View.php:178
#25 /vendor/laravel/framework/src/Illuminate/View/View.php:147
#26 /vendor/laravel/framework/src/Illuminate/Http/Response.php:69
#27 /vendor/laravel/framework/src/Illuminate/Http/Response.php:35
#28 /vendor/laravel/framework/src/Illuminate/Routing/Router.php:906
#29 /vendor/laravel/framework/src/Illuminate/Routing/Router.php:875
#30 /vendor/laravel/framework/src/Illuminate/Routing/Router.php:797
#31 /vendor/laravel/framework/src/Illuminate/Pipeline/Pipeline.php:141
#32 /app/Http/Middleware/AdminPermissionMiddleware.php:23
#33 /vendor/laravel/framework/src/Illuminate/Pipeline/Pipeline.php:180
#34 /app/Http/Middleware/RedirectIfNotAdmin.php:30
#35 /vendor/laravel/framework/src/Illuminate/Pipeline/Pipeline.php:180
#36 /app/Http/Middleware/LanguageMiddleware.php:22
#37 /vendor/laravel/framework/src/Illuminate/Pipeline/Pipeline.php:180
#38 /vendor/laravel/framework/src/Illuminate/Routing/Middleware/SubstituteBindings.php:50
#39 /vendor/laravel/framework/src/Illuminate/Pipeline/Pipeline.php:180
#40 /vendor/laravel/framework/src/Illuminate/Foundation/Http/Middleware/VerifyCsrfToken.php:78
#41 /vendor/laravel/framework/src/Illuminate/Pipeline/Pipeline.php:180
#42 /vendor/laravel/framework/src/Illuminate/View/Middleware/ShareErrorsFromSession.php:49
#43 /vendor/laravel/framework/src/Illuminate/Pipeline/Pipeline.php:180
#44 /vendor/laravel/framework/src/Illuminate/Session/Middleware/StartSession.php:121
#45 /vendor/laravel/framework/src/Illuminate/Session/Middleware/StartSession.php:64
#46 /vendor/laravel/framework/src/Illuminate/Pipeline/Pipeline.php:180
#47 /vendor/laravel/framework/src/Illuminate/Cookie/Middleware/AddQueuedCookiesToResponse.php:37
#48 /vendor/laravel/framework/src/Illuminate/Pipeline/Pipeline.php:180
#49 /vendor/laravel/framework/src/Illuminate/Cookie/Middleware/EncryptCookies.php:67
  
[2024-05-25 20:36:36] production.INFO: Model: App\Models\HandedBy
Relation: user
Num-Called: 2
Call-Stack:
#18 /storage/framework/views/912ee5ba73544271ee351f376b28fba5e15a4441.php:140
#20 /vendor/laravel/framework/src/Illuminate/Filesystem/Filesystem.php:110
#21 /vendor/laravel/framework/src/Illuminate/View/Engines/PhpEngine.php:58
#22 /vendor/laravel/framework/src/Illuminate/View/Engines/CompilerEngine.php:70
#23 /vendor/laravel/framework/src/Illuminate/View/View.php:195
#24 /vendor/laravel/framework/src/Illuminate/View/View.php:178
#25 /vendor/laravel/framework/src/Illuminate/View/View.php:147
#26 /vendor/laravel/framework/src/Illuminate/Http/Response.php:69
#27 /vendor/laravel/framework/src/Illuminate/Http/Response.php:35
#28 /vendor/laravel/framework/src/Illuminate/Routing/Router.php:906
#29 /vendor/laravel/framework/src/Illuminate/Routing/Router.php:875
#30 /vendor/laravel/framework/src/Illuminate/Routing/Router.php:797
#31 /vendor/laravel/framework/src/Illuminate/Pipeline/Pipeline.php:141
#32 /app/Http/Middleware/AdminPermissionMiddleware.php:23
#33 /vendor/laravel/framework/src/Illuminate/Pipeline/Pipeline.php:180
#34 /app/Http/Middleware/RedirectIfNotAdmin.php:30
#35 /vendor/laravel/framework/src/Illuminate/Pipeline/Pipeline.php:180
#36 /app/Http/Middleware/LanguageMiddleware.php:22
#37 /vendor/laravel/framework/src/Illuminate/Pipeline/Pipeline.php:180
#38 /vendor/laravel/framework/src/Illuminate/Routing/Middleware/SubstituteBindings.php:50
#39 /vendor/laravel/framework/src/Illuminate/Pipeline/Pipeline.php:180
#40 /vendor/laravel/framework/src/Illuminate/Foundation/Http/Middleware/VerifyCsrfToken.php:78
#41 /vendor/laravel/framework/src/Illuminate/Pipeline/Pipeline.php:180
#42 /vendor/laravel/framework/src/Illuminate/View/Middleware/ShareErrorsFromSession.php:49
#43 /vendor/laravel/framework/src/Illuminate/Pipeline/Pipeline.php:180
#44 /vendor/laravel/framework/src/Illuminate/Session/Middleware/StartSession.php:121
#45 /vendor/laravel/framework/src/Illuminate/Session/Middleware/StartSession.php:64
#46 /vendor/laravel/framework/src/Illuminate/Pipeline/Pipeline.php:180
#47 /vendor/laravel/framework/src/Illuminate/Cookie/Middleware/AddQueuedCookiesToResponse.php:37
#48 /vendor/laravel/framework/src/Illuminate/Pipeline/Pipeline.php:180
#49 /vendor/laravel/framework/src/Illuminate/Cookie/Middleware/EncryptCookies.php:67
  
[2024-05-25 20:37:16] production.INFO: Detected N+1 Query  
[2024-05-25 20:37:16] production.INFO: Model: App\Models\BedType
Relation: App\Models\Room
Num-Called: 18
Call-Stack:
#13 /app/Http/Controllers/Admin/AdminController.php:149
#14 /vendor/laravel/framework/src/Illuminate/Routing/Controller.php:54
#15 /vendor/laravel/framework/src/Illuminate/Routing/ControllerDispatcher.php:43
#16 /vendor/laravel/framework/src/Illuminate/Routing/Route.php:259
#17 /vendor/laravel/framework/src/Illuminate/Routing/Route.php:205
#18 /vendor/laravel/framework/src/Illuminate/Routing/Router.php:798
#19 /vendor/laravel/framework/src/Illuminate/Pipeline/Pipeline.php:141
#20 /app/Http/Middleware/AdminPermissionMiddleware.php:23
#21 /vendor/laravel/framework/src/Illuminate/Pipeline/Pipeline.php:180
#22 /app/Http/Middleware/RedirectIfNotAdmin.php:30
#23 /vendor/laravel/framework/src/Illuminate/Pipeline/Pipeline.php:180
#24 /app/Http/Middleware/LanguageMiddleware.php:22
#25 /vendor/laravel/framework/src/Illuminate/Pipeline/Pipeline.php:180
#26 /vendor/laravel/framework/src/Illuminate/Routing/Middleware/SubstituteBindings.php:50
#27 /vendor/laravel/framework/src/Illuminate/Pipeline/Pipeline.php:180
#28 /vendor/laravel/framework/src/Illuminate/Foundation/Http/Middleware/VerifyCsrfToken.php:78
#29 /vendor/laravel/framework/src/Illuminate/Pipeline/Pipeline.php:180
#30 /vendor/laravel/framework/src/Illuminate/View/Middleware/ShareErrorsFromSession.php:49
#31 /vendor/laravel/framework/src/Illuminate/Pipeline/Pipeline.php:180
#32 /vendor/laravel/framework/src/Illuminate/Session/Middleware/StartSession.php:121
#33 /vendor/laravel/framework/src/Illuminate/Session/Middleware/StartSession.php:64
#34 /vendor/laravel/framework/src/Illuminate/Pipeline/Pipeline.php:180
#35 /vendor/laravel/framework/src/Illuminate/Cookie/Middleware/AddQueuedCookiesToResponse.php:37
#36 /vendor/laravel/framework/src/Illuminate/Pipeline/Pipeline.php:180
#37 /vendor/laravel/framework/src/Illuminate/Cookie/Middleware/EncryptCookies.php:67
#38 /vendor/laravel/framework/src/Illuminate/Pipeline/Pipeline.php:180
#39 /vendor/laramin/utility/src/Utility.php:14
#40 /vendor/laravel/framework/src/Illuminate/Pipeline/Pipeline.php:180
#41 /vendor/laravel/framework/src/Illuminate/Pipeline/Pipeline.php:116
#42 /vendor/laravel/framework/src/Illuminate/Routing/Router.php:797
#43 /vendor/laravel/framework/src/Illuminate/Routing/Router.php:776
#44 /vendor/laravel/framework/src/Illuminate/Routing/Router.php:740
#45 /vendor/laravel/framework/src/Illuminate/Routing/Router.php:729
#46 /vendor/laravel/framework/src/Illuminate/Foundation/Http/Kernel.php:190
#47 /vendor/laravel/framework/src/Illuminate/Pipeline/Pipeline.php:141
#48 /vendor/beyondcode/laravel-query-detector/src/QueryDetectorMiddleware.php:33
#49 /vendor/laravel/framework/src/Illuminate/Pipeline/Pipeline.php:180
  
[2024-05-25 20:37:38] production.INFO: Detected N+1 Query  
[2024-05-25 20:37:38] production.INFO: Model: App\Models\BedType
Relation: App\Models\Room
Num-Called: 11
Call-Stack:
#13 /app/Http/Controllers/Admin/AdminController.php:149
#14 /vendor/laravel/framework/src/Illuminate/Routing/Controller.php:54
#15 /vendor/laravel/framework/src/Illuminate/Routing/ControllerDispatcher.php:43
#16 /vendor/laravel/framework/src/Illuminate/Routing/Route.php:259
#17 /vendor/laravel/framework/src/Illuminate/Routing/Route.php:205
#18 /vendor/laravel/framework/src/Illuminate/Routing/Router.php:798
#19 /vendor/laravel/framework/src/Illuminate/Pipeline/Pipeline.php:141
#20 /app/Http/Middleware/AdminPermissionMiddleware.php:23
#21 /vendor/laravel/framework/src/Illuminate/Pipeline/Pipeline.php:180
#22 /app/Http/Middleware/RedirectIfNotAdmin.php:30
#23 /vendor/laravel/framework/src/Illuminate/Pipeline/Pipeline.php:180
#24 /app/Http/Middleware/LanguageMiddleware.php:22
#25 /vendor/laravel/framework/src/Illuminate/Pipeline/Pipeline.php:180
#26 /vendor/laravel/framework/src/Illuminate/Routing/Middleware/SubstituteBindings.php:50
#27 /vendor/laravel/framework/src/Illuminate/Pipeline/Pipeline.php:180
#28 /vendor/laravel/framework/src/Illuminate/Foundation/Http/Middleware/VerifyCsrfToken.php:78
#29 /vendor/laravel/framework/src/Illuminate/Pipeline/Pipeline.php:180
#30 /vendor/laravel/framework/src/Illuminate/View/Middleware/ShareErrorsFromSession.php:49
#31 /vendor/laravel/framework/src/Illuminate/Pipeline/Pipeline.php:180
#32 /vendor/laravel/framework/src/Illuminate/Session/Middleware/StartSession.php:121
#33 /vendor/laravel/framework/src/Illuminate/Session/Middleware/StartSession.php:64
#34 /vendor/laravel/framework/src/Illuminate/Pipeline/Pipeline.php:180
#35 /vendor/laravel/framework/src/Illuminate/Cookie/Middleware/AddQueuedCookiesToResponse.php:37
#36 /vendor/laravel/framework/src/Illuminate/Pipeline/Pipeline.php:180
#37 /vendor/laravel/framework/src/Illuminate/Cookie/Middleware/EncryptCookies.php:67
#38 /vendor/laravel/framework/src/Illuminate/Pipeline/Pipeline.php:180
#39 /vendor/laramin/utility/src/Utility.php:14
#40 /vendor/laravel/framework/src/Illuminate/Pipeline/Pipeline.php:180
#41 /vendor/laravel/framework/src/Illuminate/Pipeline/Pipeline.php:116
#42 /vendor/laravel/framework/src/Illuminate/Routing/Router.php:797
#43 /vendor/laravel/framework/src/Illuminate/Routing/Router.php:776
#44 /vendor/laravel/framework/src/Illuminate/Routing/Router.php:740
#45 /vendor/laravel/framework/src/Illuminate/Routing/Router.php:729
#46 /vendor/laravel/framework/src/Illuminate/Foundation/Http/Kernel.php:190
#47 /vendor/laravel/framework/src/Illuminate/Pipeline/Pipeline.php:141
#48 /vendor/beyondcode/laravel-query-detector/src/QueryDetectorMiddleware.php:33
#49 /vendor/laravel/framework/src/Illuminate/Pipeline/Pipeline.php:180
  
[2024-05-25 20:39:51] production.INFO: Detected N+1 Query  
[2024-05-25 20:39:51] production.INFO: Model: App\Models\BedType
Relation: App\Models\Room
Num-Called: 18
Call-Stack:
#13 /app/Http/Controllers/Admin/AdminController.php:149
#14 /vendor/laravel/framework/src/Illuminate/Routing/Controller.php:54
#15 /vendor/laravel/framework/src/Illuminate/Routing/ControllerDispatcher.php:43
#16 /vendor/laravel/framework/src/Illuminate/Routing/Route.php:259
#17 /vendor/laravel/framework/src/Illuminate/Routing/Route.php:205
#18 /vendor/laravel/framework/src/Illuminate/Routing/Router.php:798
#19 /vendor/laravel/framework/src/Illuminate/Pipeline/Pipeline.php:141
#20 /app/Http/Middleware/AdminPermissionMiddleware.php:23
#21 /vendor/laravel/framework/src/Illuminate/Pipeline/Pipeline.php:180
#22 /app/Http/Middleware/RedirectIfNotAdmin.php:30
#23 /vendor/laravel/framework/src/Illuminate/Pipeline/Pipeline.php:180
#24 /app/Http/Middleware/LanguageMiddleware.php:22
#25 /vendor/laravel/framework/src/Illuminate/Pipeline/Pipeline.php:180
#26 /vendor/laravel/framework/src/Illuminate/Routing/Middleware/SubstituteBindings.php:50
#27 /vendor/laravel/framework/src/Illuminate/Pipeline/Pipeline.php:180
#28 /vendor/laravel/framework/src/Illuminate/Foundation/Http/Middleware/VerifyCsrfToken.php:78
#29 /vendor/laravel/framework/src/Illuminate/Pipeline/Pipeline.php:180
#30 /vendor/laravel/framework/src/Illuminate/View/Middleware/ShareErrorsFromSession.php:49
#31 /vendor/laravel/framework/src/Illuminate/Pipeline/Pipeline.php:180
#32 /vendor/laravel/framework/src/Illuminate/Session/Middleware/StartSession.php:121
#33 /vendor/laravel/framework/src/Illuminate/Session/Middleware/StartSession.php:64
#34 /vendor/laravel/framework/src/Illuminate/Pipeline/Pipeline.php:180
#35 /vendor/laravel/framework/src/Illuminate/Cookie/Middleware/AddQueuedCookiesToResponse.php:37
#36 /vendor/laravel/framework/src/Illuminate/Pipeline/Pipeline.php:180
#37 /vendor/laravel/framework/src/Illuminate/Cookie/Middleware/EncryptCookies.php:67
#38 /vendor/laravel/framework/src/Illuminate/Pipeline/Pipeline.php:180
#39 /vendor/laramin/utility/src/Utility.php:14
#40 /vendor/laravel/framework/src/Illuminate/Pipeline/Pipeline.php:180
#41 /vendor/laravel/framework/src/Illuminate/Pipeline/Pipeline.php:116
#42 /vendor/laravel/framework/src/Illuminate/Routing/Router.php:797
#43 /vendor/laravel/framework/src/Illuminate/Routing/Router.php:776
#44 /vendor/laravel/framework/src/Illuminate/Routing/Router.php:740
#45 /vendor/laravel/framework/src/Illuminate/Routing/Router.php:729
#46 /vendor/laravel/framework/src/Illuminate/Foundation/Http/Kernel.php:190
#47 /vendor/laravel/framework/src/Illuminate/Pipeline/Pipeline.php:141
#48 /vendor/beyondcode/laravel-query-detector/src/QueryDetectorMiddleware.php:33
#49 /vendor/laravel/framework/src/Illuminate/Pipeline/Pipeline.php:180
  
[2024-05-25 20:40:00] production.INFO: Detected N+1 Query  
[2024-05-25 20:40:00] production.INFO: Model: App\Models\BedType
Relation: App\Models\Room
Num-Called: 10
Call-Stack:
#13 /app/Http/Controllers/Admin/AdminController.php:149
#14 /vendor/laravel/framework/src/Illuminate/Routing/Controller.php:54
#15 /vendor/laravel/framework/src/Illuminate/Routing/ControllerDispatcher.php:43
#16 /vendor/laravel/framework/src/Illuminate/Routing/Route.php:259
#17 /vendor/laravel/framework/src/Illuminate/Routing/Route.php:205
#18 /vendor/laravel/framework/src/Illuminate/Routing/Router.php:798
#19 /vendor/laravel/framework/src/Illuminate/Pipeline/Pipeline.php:141
#20 /app/Http/Middleware/AdminPermissionMiddleware.php:23
#21 /vendor/laravel/framework/src/Illuminate/Pipeline/Pipeline.php:180
#22 /app/Http/Middleware/RedirectIfNotAdmin.php:30
#23 /vendor/laravel/framework/src/Illuminate/Pipeline/Pipeline.php:180
#24 /app/Http/Middleware/LanguageMiddleware.php:22
#25 /vendor/laravel/framework/src/Illuminate/Pipeline/Pipeline.php:180
#26 /vendor/laravel/framework/src/Illuminate/Routing/Middleware/SubstituteBindings.php:50
#27 /vendor/laravel/framework/src/Illuminate/Pipeline/Pipeline.php:180
#28 /vendor/laravel/framework/src/Illuminate/Foundation/Http/Middleware/VerifyCsrfToken.php:78
#29 /vendor/laravel/framework/src/Illuminate/Pipeline/Pipeline.php:180
#30 /vendor/laravel/framework/src/Illuminate/View/Middleware/ShareErrorsFromSession.php:49
#31 /vendor/laravel/framework/src/Illuminate/Pipeline/Pipeline.php:180
#32 /vendor/laravel/framework/src/Illuminate/Session/Middleware/StartSession.php:121
#33 /vendor/laravel/framework/src/Illuminate/Session/Middleware/StartSession.php:64
#34 /vendor/laravel/framework/src/Illuminate/Pipeline/Pipeline.php:180
#35 /vendor/laravel/framework/src/Illuminate/Cookie/Middleware/AddQueuedCookiesToResponse.php:37
#36 /vendor/laravel/framework/src/Illuminate/Pipeline/Pipeline.php:180
#37 /vendor/laravel/framework/src/Illuminate/Cookie/Middleware/EncryptCookies.php:67
#38 /vendor/laravel/framework/src/Illuminate/Pipeline/Pipeline.php:180
#39 /vendor/laramin/utility/src/Utility.php:14
#40 /vendor/laravel/framework/src/Illuminate/Pipeline/Pipeline.php:180
#41 /vendor/laravel/framework/src/Illuminate/Pipeline/Pipeline.php:116
#42 /vendor/laravel/framework/src/Illuminate/Routing/Router.php:797
#43 /vendor/laravel/framework/src/Illuminate/Routing/Router.php:776
#44 /vendor/laravel/framework/src/Illuminate/Routing/Router.php:740
#45 /vendor/laravel/framework/src/Illuminate/Routing/Router.php:729
#46 /vendor/laravel/framework/src/Illuminate/Foundation/Http/Kernel.php:190
#47 /vendor/laravel/framework/src/Illuminate/Pipeline/Pipeline.php:141
#48 /vendor/beyondcode/laravel-query-detector/src/QueryDetectorMiddleware.php:33
#49 /vendor/laravel/framework/src/Illuminate/Pipeline/Pipeline.php:180
  
[2024-05-25 21:17:12] production.INFO: Detected N+1 Query  
[2024-05-25 21:17:12] production.INFO: Model: App\Models\BedType
Relation: App\Models\Room
Num-Called: 18
Call-Stack:
#13 /app/Http/Controllers/Admin/AdminController.php:149
#14 /vendor/laravel/framework/src/Illuminate/Routing/Controller.php:54
#15 /vendor/laravel/framework/src/Illuminate/Routing/ControllerDispatcher.php:43
#16 /vendor/laravel/framework/src/Illuminate/Routing/Route.php:259
#17 /vendor/laravel/framework/src/Illuminate/Routing/Route.php:205
#18 /vendor/laravel/framework/src/Illuminate/Routing/Router.php:798
#19 /vendor/laravel/framework/src/Illuminate/Pipeline/Pipeline.php:141
#20 /app/Http/Middleware/AdminPermissionMiddleware.php:23
#21 /vendor/laravel/framework/src/Illuminate/Pipeline/Pipeline.php:180
#22 /app/Http/Middleware/RedirectIfNotAdmin.php:30
#23 /vendor/laravel/framework/src/Illuminate/Pipeline/Pipeline.php:180
#24 /app/Http/Middleware/LanguageMiddleware.php:22
#25 /vendor/laravel/framework/src/Illuminate/Pipeline/Pipeline.php:180
#26 /vendor/laravel/framework/src/Illuminate/Routing/Middleware/SubstituteBindings.php:50
#27 /vendor/laravel/framework/src/Illuminate/Pipeline/Pipeline.php:180
#28 /vendor/laravel/framework/src/Illuminate/Foundation/Http/Middleware/VerifyCsrfToken.php:78
#29 /vendor/laravel/framework/src/Illuminate/Pipeline/Pipeline.php:180
#30 /vendor/laravel/framework/src/Illuminate/View/Middleware/ShareErrorsFromSession.php:49
#31 /vendor/laravel/framework/src/Illuminate/Pipeline/Pipeline.php:180
#32 /vendor/laravel/framework/src/Illuminate/Session/Middleware/StartSession.php:121
#33 /vendor/laravel/framework/src/Illuminate/Session/Middleware/StartSession.php:64
#34 /vendor/laravel/framework/src/Illuminate/Pipeline/Pipeline.php:180
#35 /vendor/laravel/framework/src/Illuminate/Cookie/Middleware/AddQueuedCookiesToResponse.php:37
#36 /vendor/laravel/framework/src/Illuminate/Pipeline/Pipeline.php:180
#37 /vendor/laravel/framework/src/Illuminate/Cookie/Middleware/EncryptCookies.php:67
#38 /vendor/laravel/framework/src/Illuminate/Pipeline/Pipeline.php:180
#39 /vendor/laramin/utility/src/Utility.php:14
#40 /vendor/laravel/framework/src/Illuminate/Pipeline/Pipeline.php:180
#41 /vendor/laravel/framework/src/Illuminate/Pipeline/Pipeline.php:116
#42 /vendor/laravel/framework/src/Illuminate/Routing/Router.php:797
#43 /vendor/laravel/framework/src/Illuminate/Routing/Router.php:776
#44 /vendor/laravel/framework/src/Illuminate/Routing/Router.php:740
#45 /vendor/laravel/framework/src/Illuminate/Routing/Router.php:729
#46 /vendor/laravel/framework/src/Illuminate/Foundation/Http/Kernel.php:190
#47 /vendor/laravel/framework/src/Illuminate/Pipeline/Pipeline.php:141
#48 /vendor/beyondcode/laravel-query-detector/src/QueryDetectorMiddleware.php:33
#49 /vendor/laravel/framework/src/Illuminate/Pipeline/Pipeline.php:180
  
[2024-05-25 21:19:07] production.INFO: Detected N+1 Query  
[2024-05-25 21:19:07] production.INFO: Model: App\Models\Room
Relation: roomStatus
Num-Called: 16
Call-Stack:
#18 /storage/framework/views/18b7953d69f1b7d4b82bc0ba345e5692a5e3f245.php:33
#20 /vendor/laravel/framework/src/Illuminate/Filesystem/Filesystem.php:110
#21 /vendor/laravel/framework/src/Illuminate/View/Engines/PhpEngine.php:58
#22 /vendor/laravel/framework/src/Illuminate/View/Engines/CompilerEngine.php:70
#23 /vendor/laravel/framework/src/Illuminate/View/View.php:195
#24 /vendor/laravel/framework/src/Illuminate/View/View.php:178
#25 /vendor/laravel/framework/src/Illuminate/View/View.php:147
#26 /app/Traits/BookingActions.php:35
#27 /app/Http/Controllers/Admin/BookRoomController.php:61
#28 /vendor/laravel/framework/src/Illuminate/Routing/Controller.php:54
#29 /vendor/laravel/framework/src/Illuminate/Routing/ControllerDispatcher.php:43
#30 /vendor/laravel/framework/src/Illuminate/Routing/Route.php:259
#31 /vendor/laravel/framework/src/Illuminate/Routing/Route.php:205
#32 /vendor/laravel/framework/src/Illuminate/Routing/Router.php:798
#33 /vendor/laravel/framework/src/Illuminate/Pipeline/Pipeline.php:141
#34 /app/Http/Middleware/AdminPermissionMiddleware.php:23
#35 /vendor/laravel/framework/src/Illuminate/Pipeline/Pipeline.php:180
#36 /app/Http/Middleware/RedirectIfNotAdmin.php:30
#37 /vendor/laravel/framework/src/Illuminate/Pipeline/Pipeline.php:180
#38 /app/Http/Middleware/LanguageMiddleware.php:22
#39 /vendor/laravel/framework/src/Illuminate/Pipeline/Pipeline.php:180
#40 /vendor/laravel/framework/src/Illuminate/Routing/Middleware/SubstituteBindings.php:50
#41 /vendor/laravel/framework/src/Illuminate/Pipeline/Pipeline.php:180
#42 /vendor/laravel/framework/src/Illuminate/Foundation/Http/Middleware/VerifyCsrfToken.php:78
#43 /vendor/laravel/framework/src/Illuminate/Pipeline/Pipeline.php:180
#44 /vendor/laravel/framework/src/Illuminate/View/Middleware/ShareErrorsFromSession.php:49
#45 /vendor/laravel/framework/src/Illuminate/Pipeline/Pipeline.php:180
#46 /vendor/laravel/framework/src/Illuminate/Session/Middleware/StartSession.php:121
#47 /vendor/laravel/framework/src/Illuminate/Session/Middleware/StartSession.php:64
#48 /vendor/laravel/framework/src/Illuminate/Pipeline/Pipeline.php:180
#49 /vendor/laravel/framework/src/Illuminate/Cookie/Middleware/AddQueuedCookiesToResponse.php:37
  
[2024-05-25 21:19:51] production.INFO: Detected N+1 Query  
[2024-05-25 21:19:51] production.INFO: Model: App\Models\BedType
Relation: App\Models\Room
Num-Called: 18
Call-Stack:
#13 /app/Http/Controllers/Admin/AdminController.php:149
#14 /vendor/laravel/framework/src/Illuminate/Routing/Controller.php:54
#15 /vendor/laravel/framework/src/Illuminate/Routing/ControllerDispatcher.php:43
#16 /vendor/laravel/framework/src/Illuminate/Routing/Route.php:259
#17 /vendor/laravel/framework/src/Illuminate/Routing/Route.php:205
#18 /vendor/laravel/framework/src/Illuminate/Routing/Router.php:798
#19 /vendor/laravel/framework/src/Illuminate/Pipeline/Pipeline.php:141
#20 /app/Http/Middleware/AdminPermissionMiddleware.php:23
#21 /vendor/laravel/framework/src/Illuminate/Pipeline/Pipeline.php:180
#22 /app/Http/Middleware/RedirectIfNotAdmin.php:30
#23 /vendor/laravel/framework/src/Illuminate/Pipeline/Pipeline.php:180
#24 /app/Http/Middleware/LanguageMiddleware.php:22
#25 /vendor/laravel/framework/src/Illuminate/Pipeline/Pipeline.php:180
#26 /vendor/laravel/framework/src/Illuminate/Routing/Middleware/SubstituteBindings.php:50
#27 /vendor/laravel/framework/src/Illuminate/Pipeline/Pipeline.php:180
#28 /vendor/laravel/framework/src/Illuminate/Foundation/Http/Middleware/VerifyCsrfToken.php:78
#29 /vendor/laravel/framework/src/Illuminate/Pipeline/Pipeline.php:180
#30 /vendor/laravel/framework/src/Illuminate/View/Middleware/ShareErrorsFromSession.php:49
#31 /vendor/laravel/framework/src/Illuminate/Pipeline/Pipeline.php:180
#32 /vendor/laravel/framework/src/Illuminate/Session/Middleware/StartSession.php:121
#33 /vendor/laravel/framework/src/Illuminate/Session/Middleware/StartSession.php:64
#34 /vendor/laravel/framework/src/Illuminate/Pipeline/Pipeline.php:180
#35 /vendor/laravel/framework/src/Illuminate/Cookie/Middleware/AddQueuedCookiesToResponse.php:37
#36 /vendor/laravel/framework/src/Illuminate/Pipeline/Pipeline.php:180
#37 /vendor/laravel/framework/src/Illuminate/Cookie/Middleware/EncryptCookies.php:67
#38 /vendor/laravel/framework/src/Illuminate/Pipeline/Pipeline.php:180
#39 /vendor/laramin/utility/src/Utility.php:14
#40 /vendor/laravel/framework/src/Illuminate/Pipeline/Pipeline.php:180
#41 /vendor/laravel/framework/src/Illuminate/Pipeline/Pipeline.php:116
#42 /vendor/laravel/framework/src/Illuminate/Routing/Router.php:797
#43 /vendor/laravel/framework/src/Illuminate/Routing/Router.php:776
#44 /vendor/laravel/framework/src/Illuminate/Routing/Router.php:740
#45 /vendor/laravel/framework/src/Illuminate/Routing/Router.php:729
#46 /vendor/laravel/framework/src/Illuminate/Foundation/Http/Kernel.php:190
#47 /vendor/laravel/framework/src/Illuminate/Pipeline/Pipeline.php:141
#48 /vendor/beyondcode/laravel-query-detector/src/QueryDetectorMiddleware.php:33
#49 /vendor/laravel/framework/src/Illuminate/Pipeline/Pipeline.php:180
  
[2024-05-25 21:21:55] production.INFO: Detected N+1 Query  
[2024-05-25 21:21:55] production.INFO: Model: App\Models\FoundBy
Relation: user
Num-Called: 2
Call-Stack:
#18 /storage/framework/views/912ee5ba73544271ee351f376b28fba5e15a4441.php:84
#20 /vendor/laravel/framework/src/Illuminate/Filesystem/Filesystem.php:110
#21 /vendor/laravel/framework/src/Illuminate/View/Engines/PhpEngine.php:58
#22 /vendor/laravel/framework/src/Illuminate/View/Engines/CompilerEngine.php:70
#23 /vendor/laravel/framework/src/Illuminate/View/View.php:195
#24 /vendor/laravel/framework/src/Illuminate/View/View.php:178
#25 /vendor/laravel/framework/src/Illuminate/View/View.php:147
#26 /vendor/laravel/framework/src/Illuminate/Http/Response.php:69
#27 /vendor/laravel/framework/src/Illuminate/Http/Response.php:35
#28 /vendor/laravel/framework/src/Illuminate/Routing/Router.php:906
#29 /vendor/laravel/framework/src/Illuminate/Routing/Router.php:875
#30 /vendor/laravel/framework/src/Illuminate/Routing/Router.php:797
#31 /vendor/laravel/framework/src/Illuminate/Pipeline/Pipeline.php:141
#32 /app/Http/Middleware/AdminPermissionMiddleware.php:23
#33 /vendor/laravel/framework/src/Illuminate/Pipeline/Pipeline.php:180
#34 /app/Http/Middleware/RedirectIfNotAdmin.php:30
#35 /vendor/laravel/framework/src/Illuminate/Pipeline/Pipeline.php:180
#36 /app/Http/Middleware/LanguageMiddleware.php:22
#37 /vendor/laravel/framework/src/Illuminate/Pipeline/Pipeline.php:180
#38 /vendor/laravel/framework/src/Illuminate/Routing/Middleware/SubstituteBindings.php:50
#39 /vendor/laravel/framework/src/Illuminate/Pipeline/Pipeline.php:180
#40 /vendor/laravel/framework/src/Illuminate/Foundation/Http/Middleware/VerifyCsrfToken.php:78
#41 /vendor/laravel/framework/src/Illuminate/Pipeline/Pipeline.php:180
#42 /vendor/laravel/framework/src/Illuminate/View/Middleware/ShareErrorsFromSession.php:49
#43 /vendor/laravel/framework/src/Illuminate/Pipeline/Pipeline.php:180
#44 /vendor/laravel/framework/src/Illuminate/Session/Middleware/StartSession.php:121
#45 /vendor/laravel/framework/src/Illuminate/Session/Middleware/StartSession.php:64
#46 /vendor/laravel/framework/src/Illuminate/Pipeline/Pipeline.php:180
#47 /vendor/laravel/framework/src/Illuminate/Cookie/Middleware/AddQueuedCookiesToResponse.php:37
#48 /vendor/laravel/framework/src/Illuminate/Pipeline/Pipeline.php:180
#49 /vendor/laravel/framework/src/Illuminate/Cookie/Middleware/EncryptCookies.php:67
  
[2024-05-25 21:21:55] production.INFO: Model: App\Models\HandedBy
Relation: user
Num-Called: 2
Call-Stack:
#18 /storage/framework/views/912ee5ba73544271ee351f376b28fba5e15a4441.php:140
#20 /vendor/laravel/framework/src/Illuminate/Filesystem/Filesystem.php:110
#21 /vendor/laravel/framework/src/Illuminate/View/Engines/PhpEngine.php:58
#22 /vendor/laravel/framework/src/Illuminate/View/Engines/CompilerEngine.php:70
#23 /vendor/laravel/framework/src/Illuminate/View/View.php:195
#24 /vendor/laravel/framework/src/Illuminate/View/View.php:178
#25 /vendor/laravel/framework/src/Illuminate/View/View.php:147
#26 /vendor/laravel/framework/src/Illuminate/Http/Response.php:69
#27 /vendor/laravel/framework/src/Illuminate/Http/Response.php:35
#28 /vendor/laravel/framework/src/Illuminate/Routing/Router.php:906
#29 /vendor/laravel/framework/src/Illuminate/Routing/Router.php:875
#30 /vendor/laravel/framework/src/Illuminate/Routing/Router.php:797
#31 /vendor/laravel/framework/src/Illuminate/Pipeline/Pipeline.php:141
#32 /app/Http/Middleware/AdminPermissionMiddleware.php:23
#33 /vendor/laravel/framework/src/Illuminate/Pipeline/Pipeline.php:180
#34 /app/Http/Middleware/RedirectIfNotAdmin.php:30
#35 /vendor/laravel/framework/src/Illuminate/Pipeline/Pipeline.php:180
#36 /app/Http/Middleware/LanguageMiddleware.php:22
#37 /vendor/laravel/framework/src/Illuminate/Pipeline/Pipeline.php:180
#38 /vendor/laravel/framework/src/Illuminate/Routing/Middleware/SubstituteBindings.php:50
#39 /vendor/laravel/framework/src/Illuminate/Pipeline/Pipeline.php:180
#40 /vendor/laravel/framework/src/Illuminate/Foundation/Http/Middleware/VerifyCsrfToken.php:78
#41 /vendor/laravel/framework/src/Illuminate/Pipeline/Pipeline.php:180
#42 /vendor/laravel/framework/src/Illuminate/View/Middleware/ShareErrorsFromSession.php:49
#43 /vendor/laravel/framework/src/Illuminate/Pipeline/Pipeline.php:180
#44 /vendor/laravel/framework/src/Illuminate/Session/Middleware/StartSession.php:121
#45 /vendor/laravel/framework/src/Illuminate/Session/Middleware/StartSession.php:64
#46 /vendor/laravel/framework/src/Illuminate/Pipeline/Pipeline.php:180
#47 /vendor/laravel/framework/src/Illuminate/Cookie/Middleware/AddQueuedCookiesToResponse.php:37
#48 /vendor/laravel/framework/src/Illuminate/Pipeline/Pipeline.php:180
#49 /vendor/laravel/framework/src/Illuminate/Cookie/Middleware/EncryptCookies.php:67
  
